# JRE version: OpenJDK Runtime Environment (8.0_152-b06) (build 1.8.0_152-release-1136-b06)
# Java VM: OpenJDK 64-Bit Server VM (25.152-b06 mixed mode linux-amd64 compressed oops)
Heap:
 PSYoungGen      total 158720K, used 14828K [0x00000000e0000000, 0x00000000eaf00000, 0x0000000100000000)
  eden space 143872K, 0% used [0x00000000e0000000,0x00000000e0000000,0x00000000e8c80000)
  from space 14848K, 99% used [0x00000000e8c80000,0x00000000e9afb278,0x00000000e9b00000)
  to   space 13824K, 0% used [0x00000000e9b00000,0x00000000e9b00000,0x00000000ea880000)
 ParOldGen       total 52224K, used 46543K [0x00000000a0000000, 0x00000000a3300000, 0x00000000e0000000)
  object space 52224K, 89% used [0x00000000a0000000,0x00000000a2d73f50,0x00000000a3300000)
 Metaspace       used 56818K, capacity 58606K, committed 58880K, reserved 1099776K
  class space    used 7709K, capacity 8136K, committed 8192K, reserved 1048576K
GC Heap History (10 events):
Event: 5.706 GC heap after
Heap after GC invocations=12 (full 1):
 PSYoungGen      total 93184K, used 4848K [0x00000000e0000000, 0x00000000e8100000, 0x0000000100000000)
  eden space 84480K, 0% used [0x00000000e0000000,0x00000000e0000000,0x00000000e5280000)
  from space 8704K, 55% used [0x00000000e5280000,0x00000000e573c328,0x00000000e5b00000)
  to   space 8192K, 0% used [0x00000000e7900000,0x00000000e7900000,0x00000000e8100000)
 ParOldGen       total 32256K, used 12938K [0x00000000a0000000, 0x00000000a1f80000, 0x00000000e0000000)
  object space 32256K, 40% used [0x00000000a0000000,0x00000000a0ca2948,0x00000000a1f80000)
 Metaspace       used 34600K, capacity 35222K, committed 35416K, reserved 1079296K
  class space    used 4787K, capacity 4997K, committed 5120K, reserved 1048576K
}
Event: 5.706 GC heap before
{Heap before GC invocations=13 (full 2):
 PSYoungGen      total 93184K, used 4848K [0x00000000e0000000, 0x00000000e8100000, 0x0000000100000000)
  eden space 84480K, 0% used [0x00000000e0000000,0x00000000e0000000,0x00000000e5280000)
  from space 8704K, 55% used [0x00000000e5280000,0x00000000e573c328,0x00000000e5b00000)
  to   space 8192K, 0% used [0x00000000e7900000,0x00000000e7900000,0x00000000e8100000)
 ParOldGen       total 32256K, used 12938K [0x00000000a0000000, 0x00000000a1f80000, 0x00000000e0000000)
  object space 32256K, 40% used [0x00000000a0000000,0x00000000a0ca2948,0x00000000a1f80000)
 Metaspace       used 34600K, capacity 35222K, committed 35416K, reserved 1079296K
  class space    used 4787K, capacity 4997K, committed 5120K, reserved 1048576K
Event: 5.768 GC heap after
Heap after GC invocations=13 (full 2):
 PSYoungGen      total 93184K, used 0K [0x00000000e0000000, 0x00000000e8100000, 0x0000000100000000)
  eden space 84480K, 0% used [0x00000000e0000000,0x00000000e0000000,0x00000000e5280000)
  from space 8704K, 0% used [0x00000000e5280000,0x00000000e5280000,0x00000000e5b00000)
  to   space 8192K, 0% used [0x00000000e7900000,0x00000000e7900000,0x00000000e8100000)
 ParOldGen       total 52224K, used 16067K [0x00000000a0000000, 0x00000000a3300000, 0x00000000e0000000)
  object space 52224K, 30% used [0x00000000a0000000,0x00000000a0fb0fe0,0x00000000a3300000)
 Metaspace       used 34600K, capacity 35222K, committed 35416K, reserved 1079296K
  class space    used 4787K, capacity 4997K, committed 5120K, reserved 1048576K
}
Event: 6.868 GC heap before
{Heap before GC invocations=14 (full 2):
 PSYoungGen      total 93184K, used 84480K [0x00000000e0000000, 0x00000000e8100000, 0x0000000100000000)
  eden space 84480K, 100% used [0x00000000e0000000,0x00000000e5280000,0x00000000e5280000)
  from space 8704K, 0% used [0x00000000e5280000,0x00000000e5280000,0x00000000e5b00000)
  to   space 8192K, 0% used [0x00000000e7900000,0x00000000e7900000,0x00000000e8100000)
 ParOldGen       total 52224K, used 16067K [0x00000000a0000000, 0x00000000a3300000, 0x00000000e0000000)
  object space 52224K, 30% used [0x00000000a0000000,0x00000000a0fb0fe0,0x00000000a3300000)
 Metaspace       used 39726K, capacity 40408K, committed 40704K, reserved 1085440K
  class space    used 5396K, capacity 5628K, committed 5632K, reserved 1048576K
Event: 6.892 GC heap after
Heap after GC invocations=14 (full 2):
 PSYoungGen      total 119296K, used 8182K [0x00000000e0000000, 0x00000000e8100000, 0x0000000100000000)
  eden space 111104K, 0% used [0x00000000e0000000,0x00000000e0000000,0x00000000e6c80000)
  from space 8192K, 99% used [0x00000000e7900000,0x00000000e80fdb88,0x00000000e8100000)
  to   space 9216K, 0% used [0x00000000e6f00000,0x00000000e6f00000,0x00000000e7800000)
 ParOldGen       total 52224K, used 16719K [0x00000000a0000000, 0x00000000a3300000, 0x00000000e0000000)
  object space 52224K, 32% used [0x00000000a0000000,0x00000000a1053eb0,0x00000000a3300000)
 Metaspace       used 39726K, capacity 40408K, committed 40704K, reserved 1085440K
  class space    used 5396K, capacity 5628K, committed 5632K, reserved 1048576K
}
Event: 8.953 GC heap before
{Heap before GC invocations=15 (full 2):
 PSYoungGen      total 119296K, used 119286K [0x00000000e0000000, 0x00000000e8100000, 0x0000000100000000)
  eden space 111104K, 100% used [0x00000000e0000000,0x00000000e6c80000,0x00000000e6c80000)
  from space 8192K, 99% used [0x00000000e7900000,0x00000000e80fdb88,0x00000000e8100000)
  to   space 9216K, 0% used [0x00000000e6f00000,0x00000000e6f00000,0x00000000e7800000)
 ParOldGen       total 52224K, used 16719K [0x00000000a0000000, 0x00000000a3300000, 0x00000000e0000000)
  object space 52224K, 32% used [0x00000000a0000000,0x00000000a1053eb0,0x00000000a3300000)
 Metaspace       used 50636K, capacity 51900K, committed 52096K, reserved 1093632K
  class space    used 6837K, capacity 7179K, committed 7296K, reserved 1048576K
Event: 8.981 GC heap after
Heap after GC invocations=15 (full 2):
 PSYoungGen      total 122880K, used 9187K [0x00000000e0000000, 0x00000000ea880000, 0x0000000100000000)
  eden space 113664K, 0% used [0x00000000e0000000,0x00000000e0000000,0x00000000e6f00000)
  from space 9216K, 99% used [0x00000000e6f00000,0x00000000e77f8c70,0x00000000e7800000)
  to   space 13824K, 0% used [0x00000000e9b00000,0x00000000e9b00000,0x00000000ea880000)
 ParOldGen       total 52224K, used 26132K [0x00000000a0000000, 0x00000000a3300000, 0x00000000e0000000)
  object space 52224K, 50% used [0x00000000a0000000,0x00000000a19850a8,0x00000000a3300000)
 Metaspace       used 50636K, capacity 51900K, committed 52096K, reserved 1093632K
  class space    used 6837K, capacity 7179K, committed 7296K, reserved 1048576K
}
Event: 11.542 GC heap before
{Heap before GC invocations=16 (full 2):
 PSYoungGen      total 122880K, used 122851K [0x00000000e0000000, 0x00000000ea880000, 0x0000000100000000)
  eden space 113664K, 100% used [0x00000000e0000000,0x00000000e6f00000,0x00000000e6f00000)
  from space 9216K, 99% used [0x00000000e6f00000,0x00000000e77f8c70,0x00000000e7800000)
  to   space 13824K, 0% used [0x00000000e9b00000,0x00000000e9b00000,0x00000000ea880000)
 ParOldGen       total 52224K, used 26132K [0x00000000a0000000, 0x00000000a3300000, 0x00000000e0000000)
  object space 52224K, 50% used [0x00000000a0000000,0x00000000a19850a8,0x00000000a3300000)
 Metaspace       used 55772K, capacity 57358K, committed 57472K, reserved 1099776K
  class space    used 7590K, capacity 7996K, committed 8064K, reserved 1048576K
Event: 11.599 GC heap after
Heap after GC invocations=16 (full 2):
 PSYoungGen      total 157696K, used 10953K [0x00000000e0000000, 0x00000000eaf00000, 0x0000000100000000)
  eden space 143872K, 0% used [0x00000000e0000000,0x00000000e0000000,0x00000000e8c80000)
  from space 13824K, 79% used [0x00000000e9b00000,0x00000000ea5b27e0,0x00000000ea880000)
  to   space 14848K, 0% used [0x00000000e8c80000,0x00000000e8c80000,0x00000000e9b00000)
 ParOldGen       total 52224K, used 33050K [0x00000000a0000000, 0x00000000a3300000, 0x00000000e0000000)
  object space 52224K, 63% used [0x00000000a0000000,0x00000000a2046b38,0x00000000a3300000)
 Metaspace       used 55772K, capacity 57358K, committed 57472K, reserved 1099776K
  class space    used 7590K, capacity 7996K, committed 8064K, reserved 1048576K
}
Event: 13.070 GC heap before
{Heap before GC invocations=17 (full 2):
 PSYoungGen      total 157696K, used 154825K [0x00000000e0000000, 0x00000000eaf00000, 0x0000000100000000)
  eden space 143872K, 100% used [0x00000000e0000000,0x00000000e8c80000,0x00000000e8c80000)
  from space 13824K, 79% used [0x00000000e9b00000,0x00000000ea5b27e0,0x00000000ea880000)
  to   space 14848K, 0% used [0x00000000e8c80000,0x00000000e8c80000,0x00000000e9b00000)
 ParOldGen       total 52224K, used 33050K [0x00000000a0000000, 0x00000000a3300000, 0x00000000e0000000)
  object space 52224K, 63% used [0x00000000a0000000,0x00000000a2046b38,0x00000000a3300000)
 Metaspace       used 56818K, capacity 58606K, committed 58880K, reserved 1099776K
  class space    used 7709K, capacity 8136K, committed 8192K, reserved 1048576K

