# JRE version: OpenJDK Runtime Environment (8.0_152-b06) (build 1.8.0_152-release-1136-b06)
# Java VM: OpenJDK 64-Bit Server VM (25.152-b06 mixed mode linux-amd64 compressed oops)
Heap:
 PSYoungGen      total 278528K, used 24847K [0x00000000e0000000, 0x00000000f2980000, 0x0000000100000000)
  eden space 252416K, 0% used [0x00000000e0000000,0x00000000e0000000,0x00000000ef680000)
  from space 26112K, 95% used [0x00000000ef680000,0x00000000f0ec3d10,0x00000000f1000000)
  to   space 20992K, 0% used [0x00000000f1500000,0x00000000f1500000,0x00000000f2980000)
 ParOldGen       total 92160K, used 74994K [0x00000000a0000000, 0x00000000a5a00000, 0x00000000e0000000)
  object space 92160K, 81% used [0x00000000a0000000,0x00000000a493c9c8,0x00000000a5a00000)
 Metaspace       used 91972K, capacity 95770K, committed 95872K, reserved 1132544K
  class space    used 11762K, capacity 12581K, committed 12672K, reserved 1048576K
GC Heap History (10 events):
Event: 162.364 GC heap after
Heap after GC invocations=23 (full 3):
 PSYoungGen      total 193024K, used 18501K [0x00000000e0000000, 0x00000000edc00000, 0x0000000100000000)
  eden space 164864K, 0% used [0x00000000e0000000,0x00000000e0000000,0x00000000ea100000)
  from space 28160K, 65% used [0x00000000ebd80000,0x00000000ecf916e0,0x00000000ed900000)
  to   space 29184K, 0% used [0x00000000ea100000,0x00000000ea100000,0x00000000ebd80000)
 ParOldGen       total 92160K, used 56300K [0x00000000a0000000, 0x00000000a5a00000, 0x00000000e0000000)
  object space 92160K, 61% used [0x00000000a0000000,0x00000000a36fb210,0x00000000a5a00000)
 Metaspace       used 80321K, capacity 83202K, committed 83328K, reserved 1122304K
  class space    used 10380K, capacity 11065K, committed 11136K, reserved 1048576K
}
Event: 162.450 GC heap before
{Heap before GC invocations=24 (full 3):
 PSYoungGen      total 193024K, used 183365K [0x00000000e0000000, 0x00000000edc00000, 0x0000000100000000)
  eden space 164864K, 100% used [0x00000000e0000000,0x00000000ea100000,0x00000000ea100000)
  from space 28160K, 65% used [0x00000000ebd80000,0x00000000ecf916e0,0x00000000ed900000)
  to   space 29184K, 0% used [0x00000000ea100000,0x00000000ea100000,0x00000000ebd80000)
 ParOldGen       total 92160K, used 56300K [0x00000000a0000000, 0x00000000a5a00000, 0x00000000e0000000)
  object space 92160K, 61% used [0x00000000a0000000,0x00000000a36fb210,0x00000000a5a00000)
 Metaspace       used 80332K, capacity 83202K, committed 83328K, reserved 1122304K
  class space    used 10380K, capacity 11065K, committed 11136K, reserved 1048576K
Event: 162.482 GC heap after
Heap after GC invocations=24 (full 3):
 PSYoungGen      total 194048K, used 16993K [0x00000000e0000000, 0x00000000f0280000, 0x0000000100000000)
  eden space 164864K, 0% used [0x00000000e0000000,0x00000000e0000000,0x00000000ea100000)
  from space 29184K, 58% used [0x00000000ea100000,0x00000000eb1987a0,0x00000000ebd80000)
  to   space 29184K, 0% used [0x00000000ee600000,0x00000000ee600000,0x00000000f0280000)
 ParOldGen       total 92160K, used 56300K [0x00000000a0000000, 0x00000000a5a00000, 0x00000000e0000000)
  object space 92160K, 61% used [0x00000000a0000000,0x00000000a36fb210,0x00000000a5a00000)
 Metaspace       used 80332K, capacity 83202K, committed 83328K, reserved 1122304K
  class space    used 10380K, capacity 11065K, committed 11136K, reserved 1048576K
}
Event: 162.760 GC heap before
{Heap before GC invocations=25 (full 3):
 PSYoungGen      total 194048K, used 181857K [0x00000000e0000000, 0x00000000f0280000, 0x0000000100000000)
  eden space 164864K, 100% used [0x00000000e0000000,0x00000000ea100000,0x00000000ea100000)
  from space 29184K, 58% used [0x00000000ea100000,0x00000000eb1987a0,0x00000000ebd80000)
  to   space 29184K, 0% used [0x00000000ee600000,0x00000000ee600000,0x00000000f0280000)
 ParOldGen       total 92160K, used 56300K [0x00000000a0000000, 0x00000000a5a00000, 0x00000000e0000000)
  object space 92160K, 61% used [0x00000000a0000000,0x00000000a36fb210,0x00000000a5a00000)
 Metaspace       used 80631K, capacity 83458K, committed 83584K, reserved 1122304K
  class space    used 10421K, capacity 11081K, committed 11136K, reserved 1048576K
Event: 162.794 GC heap after
Heap after GC invocations=25 (full 3):
 PSYoungGen      total 235520K, used 13117K [0x00000000e0000000, 0x00000000f0100000, 0x0000000100000000)
  eden space 207872K, 0% used [0x00000000e0000000,0x00000000e0000000,0x00000000ecb00000)
  from space 27648K, 47% used [0x00000000ee600000,0x00000000ef2cf500,0x00000000f0100000)
  to   space 27648K, 0% used [0x00000000ecb00000,0x00000000ecb00000,0x00000000ee600000)
 ParOldGen       total 92160K, used 59938K [0x00000000a0000000, 0x00000000a5a00000, 0x00000000e0000000)
  object space 92160K, 65% used [0x00000000a0000000,0x00000000a3a88a38,0x00000000a5a00000)
 Metaspace       used 80631K, capacity 83458K, committed 83584K, reserved 1122304K
  class space    used 10421K, capacity 11081K, committed 11136K, reserved 1048576K
}
Event: 166.225 GC heap before
{Heap before GC invocations=26 (full 3):
 PSYoungGen      total 235520K, used 220989K [0x00000000e0000000, 0x00000000f0100000, 0x0000000100000000)
  eden space 207872K, 100% used [0x00000000e0000000,0x00000000ecb00000,0x00000000ecb00000)
  from space 27648K, 47% used [0x00000000ee600000,0x00000000ef2cf500,0x00000000f0100000)
  to   space 27648K, 0% used [0x00000000ecb00000,0x00000000ecb00000,0x00000000ee600000)
 ParOldGen       total 92160K, used 59938K [0x00000000a0000000, 0x00000000a5a00000, 0x00000000e0000000)
  object space 92160K, 65% used [0x00000000a0000000,0x00000000a3a88a38,0x00000000a5a00000)
 Metaspace       used 90216K, capacity 93722K, committed 93824K, reserved 1130496K
  class space    used 11614K, capacity 12373K, committed 12416K, reserved 1048576K
Event: 166.261 GC heap after
Heap after GC invocations=26 (full 3):
 PSYoungGen      total 235520K, used 12551K [0x00000000e0000000, 0x00000000f2e80000, 0x0000000100000000)
  eden space 207872K, 0% used [0x00000000e0000000,0x00000000e0000000,0x00000000ecb00000)
  from space 27648K, 45% used [0x00000000ecb00000,0x00000000ed741ea8,0x00000000ee600000)
  to   space 26112K, 0% used [0x00000000f1500000,0x00000000f1500000,0x00000000f2e80000)
 ParOldGen       total 92160K, used 72121K [0x00000000a0000000, 0x00000000a5a00000, 0x00000000e0000000)
  object space 92160K, 78% used [0x00000000a0000000,0x00000000a466e448,0x00000000a5a00000)
 Metaspace       used 90216K, capacity 93722K, committed 93824K, reserved 1130496K
  class space    used 11614K, capacity 12373K, committed 12416K, reserved 1048576K
}
Event: 172.089 GC heap before
{Heap before GC invocations=27 (full 3):
 PSYoungGen      total 235520K, used 220369K [0x00000000e0000000, 0x00000000f2e80000, 0x0000000100000000)
  eden space 207872K, 99% used [0x00000000e0000000,0x00000000ecaf28d0,0x00000000ecb00000)
  from space 27648K, 45% used [0x00000000ecb00000,0x00000000ed741ea8,0x00000000ee600000)
  to   space 26112K, 0% used [0x00000000f1500000,0x00000000f1500000,0x00000000f2e80000)
 ParOldGen       total 92160K, used 72121K [0x00000000a0000000, 0x00000000a5a00000, 0x00000000e0000000)
  object space 92160K, 78% used [0x00000000a0000000,0x00000000a466e448,0x00000000a5a00000)
 Metaspace       used 91125K, capacity 94802K, committed 94976K, reserved 1132544K
  class space    used 11674K, capacity 12457K, committed 12544K, reserved 1048576K
Event: 172.155 GC heap after
Heap after GC invocations=27 (full 3):
 PSYoungGen      total 273408K, used 4472K [0x00000000e0000000, 0x00000000f2980000, 0x0000000100000000)
  eden space 252416K, 0% used [0x00000000e0000000,0x00000000e0000000,0x00000000ef680000)
  from space 20992K, 21% used [0x00000000f1500000,0x00000000f195e0f8,0x00000000f2980000)
  to   space 26112K, 0% used [0x00000000ef680000,0x00000000ef680000,0x00000000f1000000)
 ParOldGen       total 92160K, used 72465K [0x00000000a0000000, 0x00000000a5a00000, 0x00000000e0000000)
  object space 92160K, 78% used [0x00000000a0000000,0x00000000a46c4468,0x00000000a5a00000)
 Metaspace       used 91125K, capacity 94802K, committed 94976K, reserved 1132544K
  class space    used 11674K, capacity 12457K, committed 12544K, reserved 1048576K
}
Event: 180.726 GC heap before
{Heap before GC invocations=28 (full 3):
 PSYoungGen      total 273408K, used 256888K [0x00000000e0000000, 0x00000000f2980000, 0x0000000100000000)
  eden space 252416K, 100% used [0x00000000e0000000,0x00000000ef680000,0x00000000ef680000)
  from space 20992K, 21% used [0x00000000f1500000,0x00000000f195e0f8,0x00000000f2980000)
  to   space 26112K, 0% used [0x00000000ef680000,0x00000000ef680000,0x00000000f1000000)
 ParOldGen       total 92160K, used 72465K [0x00000000a0000000, 0x00000000a5a00000, 0x00000000e0000000)
  object space 92160K, 78% used [0x00000000a0000000,0x00000000a46c4468,0x00000000a5a00000)
 Metaspace       used 91972K, capacity 95770K, committed 95872K, reserved 1132544K
  class space    used 11762K, capacity 12581K, committed 12672K, reserved 1048576K

