# JRE version: OpenJDK Runtime Environment (8.0_152-b06) (build 1.8.0_152-release-1136-b06)
# Java VM: OpenJDK 64-Bit Server VM (25.152-b06 mixed mode linux-amd64 compressed oops)
Heap:
 PSYoungGen      total 473088K, used 0K [0x00000000e0000000, 0x0000000100000000, 0x0000000100000000)
  eden space 443392K, 0% used [0x00000000e0000000,0x00000000e0000000,0x00000000fb100000)
  from space 29696K, 0% used [0x00000000fe300000,0x00000000fe300000,0x0000000100000000)
  to   space 40448K, 0% used [0x00000000fb100000,0x00000000fb100000,0x00000000fd880000)
 ParOldGen       total 86528K, used 84984K [0x00000000a0000000, 0x00000000a5480000, 0x00000000e0000000)
  object space 86528K, 98% used [0x00000000a0000000,0x00000000a52fe218,0x00000000a5480000)
 Metaspace       used 92441K, capacity 96046K, committed 97792K, reserved 1134592K
  class space    used 11650K, capacity 12415K, committed 12800K, reserved 1048576K
GC Heap History (10 events):
Event: 2117.314 GC heap after
Heap after GC invocations=19 (full 3):
 PSYoungGen      total 388608K, used 13683K [0x00000000e0000000, 0x00000000f9700000, 0x0000000100000000)
  eden space 361472K, 0% used [0x00000000e0000000,0x00000000e0000000,0x00000000f6100000)
  from space 27136K, 50% used [0x00000000f7b00000,0x00000000f885cd78,0x00000000f9580000)
  to   space 26624K, 0% used [0x00000000f6100000,0x00000000f6100000,0x00000000f7b00000)
 ParOldGen       total 86528K, used 61386K [0x00000000a0000000, 0x00000000a5480000, 0x00000000e0000000)
  object space 86528K, 70% used [0x00000000a0000000,0x00000000a3bf2ae0,0x00000000a5480000)
 Metaspace       used 74276K, capacity 77256K, committed 77440K, reserved 1116160K
  class space    used 9645K, capacity 10368K, committed 10368K, reserved 1048576K
}
Event: 2226.152 GC heap before
{Heap before GC invocations=20 (full 3):
 PSYoungGen      total 388608K, used 375155K [0x00000000e0000000, 0x00000000f9700000, 0x0000000100000000)
  eden space 361472K, 100% used [0x00000000e0000000,0x00000000f6100000,0x00000000f6100000)
  from space 27136K, 50% used [0x00000000f7b00000,0x00000000f885cd78,0x00000000f9580000)
  to   space 26624K, 0% used [0x00000000f6100000,0x00000000f6100000,0x00000000f7b00000)
 ParOldGen       total 86528K, used 61386K [0x00000000a0000000, 0x00000000a5480000, 0x00000000e0000000)
  object space 86528K, 70% used [0x00000000a0000000,0x00000000a3bf2ae0,0x00000000a5480000)
 Metaspace       used 74633K, capacity 77766K, committed 78080K, reserved 1116160K
  class space    used 9662K, capacity 10399K, committed 10496K, reserved 1048576K
Event: 2226.168 GC heap after
Heap after GC invocations=20 (full 3):
 PSYoungGen      total 388096K, used 5928K [0x00000000e0000000, 0x00000000fcb80000, 0x0000000100000000)
  eden space 361472K, 0% used [0x00000000e0000000,0x00000000e0000000,0x00000000f6100000)
  from space 26624K, 22% used [0x00000000f6100000,0x00000000f66ca070,0x00000000f7b00000)
  to   space 26112K, 0% used [0x00000000fb200000,0x00000000fb200000,0x00000000fcb80000)
 ParOldGen       total 86528K, used 61394K [0x00000000a0000000, 0x00000000a5480000, 0x00000000e0000000)
  object space 86528K, 70% used [0x00000000a0000000,0x00000000a3bf4ae0,0x00000000a5480000)
 Metaspace       used 74633K, capacity 77766K, committed 78080K, reserved 1116160K
  class space    used 9662K, capacity 10399K, committed 10496K, reserved 1048576K
}
Event: 2231.290 GC heap before
{Heap before GC invocations=21 (full 3):
 PSYoungGen      total 388096K, used 367130K [0x00000000e0000000, 0x00000000fcb80000, 0x0000000100000000)
  eden space 361472K, 99% used [0x00000000e0000000,0x00000000f60bca30,0x00000000f6100000)
  from space 26624K, 22% used [0x00000000f6100000,0x00000000f66ca070,0x00000000f7b00000)
  to   space 26112K, 0% used [0x00000000fb200000,0x00000000fb200000,0x00000000fcb80000)
 ParOldGen       total 86528K, used 61394K [0x00000000a0000000, 0x00000000a5480000, 0x00000000e0000000)
  object space 86528K, 70% used [0x00000000a0000000,0x00000000a3bf4ae0,0x00000000a5480000)
 Metaspace       used 82021K, capacity 85414K, committed 85632K, reserved 1124352K
  class space    used 10527K, capacity 11331K, committed 11392K, reserved 1048576K
Event: 2231.330 GC heap after
Heap after GC invocations=21 (full 3):
 PSYoungGen      total 435200K, used 15932K [0x00000000e0000000, 0x00000000fc780000, 0x0000000100000000)
  eden space 413184K, 0% used [0x00000000e0000000,0x00000000e0000000,0x00000000f9380000)
  from space 22016K, 72% used [0x00000000fb200000,0x00000000fc18f200,0x00000000fc780000)
  to   space 26624K, 0% used [0x00000000f9380000,0x00000000f9380000,0x00000000fad80000)
 ParOldGen       total 86528K, used 61402K [0x00000000a0000000, 0x00000000a5480000, 0x00000000e0000000)
  object space 86528K, 70% used [0x00000000a0000000,0x00000000a3bf6ae0,0x00000000a5480000)
 Metaspace       used 82021K, capacity 85414K, committed 85632K, reserved 1124352K
  class space    used 10527K, capacity 11331K, committed 11392K, reserved 1048576K
}
Event: 2234.568 GC heap before
{Heap before GC invocations=22 (full 3):
 PSYoungGen      total 435200K, used 429116K [0x00000000e0000000, 0x00000000fc780000, 0x0000000100000000)
  eden space 413184K, 100% used [0x00000000e0000000,0x00000000f9380000,0x00000000f9380000)
  from space 22016K, 72% used [0x00000000fb200000,0x00000000fc18f200,0x00000000fc780000)
  to   space 26624K, 0% used [0x00000000f9380000,0x00000000f9380000,0x00000000fad80000)
 ParOldGen       total 86528K, used 61402K [0x00000000a0000000, 0x00000000a5480000, 0x00000000e0000000)
  object space 86528K, 70% used [0x00000000a0000000,0x00000000a3bf6ae0,0x00000000a5480000)
 Metaspace       used 90360K, capacity 94312K, committed 94464K, reserved 1130496K
  class space    used 11599K, capacity 12480K, committed 12544K, reserved 1048576K
Event: 2234.634 GC heap after
Heap after GC invocations=22 (full 3):
 PSYoungGen      total 439808K, used 23505K [0x00000000e0000000, 0x0000000100000000, 0x0000000100000000)
  eden space 413184K, 0% used [0x00000000e0000000,0x00000000e0000000,0x00000000f9380000)
  from space 26624K, 88% used [0x00000000f9380000,0x00000000faa74400,0x00000000fad80000)
  to   space 29696K, 0% used [0x00000000fe300000,0x00000000fe300000,0x0000000100000000)
 ParOldGen       total 86528K, used 61410K [0x00000000a0000000, 0x00000000a5480000, 0x00000000e0000000)
  object space 86528K, 70% used [0x00000000a0000000,0x00000000a3bf8ae0,0x00000000a5480000)
 Metaspace       used 90360K, capacity 94312K, committed 94464K, reserved 1130496K
  class space    used 11599K, capacity 12480K, committed 12544K, reserved 1048576K
}
Event: 2238.679 GC heap before
{Heap before GC invocations=23 (full 3):
 PSYoungGen      total 439808K, used 435913K [0x00000000e0000000, 0x0000000100000000, 0x0000000100000000)
  eden space 413184K, 99% used [0x00000000e0000000,0x00000000f92be2d0,0x00000000f9380000)
  from space 26624K, 88% used [0x00000000f9380000,0x00000000faa74400,0x00000000fad80000)
  to   space 29696K, 0% used [0x00000000fe300000,0x00000000fe300000,0x0000000100000000)
 ParOldGen       total 86528K, used 61410K [0x00000000a0000000, 0x00000000a5480000, 0x00000000e0000000)
  object space 86528K, 70% used [0x00000000a0000000,0x00000000a3bf8ae0,0x00000000a5480000)
 Metaspace       used 93408K, capacity 97676K, committed 97792K, reserved 1134592K
  class space    used 11853K, capacity 12752K, committed 12800K, reserved 1048576K
Event: 2238.817 GC heap after
Heap after GC invocations=23 (full 3):
 PSYoungGen      total 473088K, used 29664K [0x00000000e0000000, 0x0000000100000000, 0x0000000100000000)
  eden space 443392K, 0% used [0x00000000e0000000,0x00000000e0000000,0x00000000fb100000)
  from space 29696K, 99% used [0x00000000fe300000,0x00000000ffff8378,0x0000000100000000)
  to   space 40448K, 0% used [0x00000000fb100000,0x00000000fb100000,0x00000000fd880000)
 ParOldGen       total 86528K, used 78609K [0x00000000a0000000, 0x00000000a5480000, 0x00000000e0000000)
  object space 86528K, 90% used [0x00000000a0000000,0x00000000a4cc4610,0x00000000a5480000)
 Metaspace       used 93408K, capacity 97676K, committed 97792K, reserved 1134592K
  class space    used 11853K, capacity 12752K, committed 12800K, reserved 1048576K
}
Event: 2238.819 GC heap before
{Heap before GC invocations=24 (full 4):
 PSYoungGen      total 473088K, used 29664K [0x00000000e0000000, 0x0000000100000000, 0x0000000100000000)
  eden space 443392K, 0% used [0x00000000e0000000,0x00000000e0000000,0x00000000fb100000)
  from space 29696K, 99% used [0x00000000fe300000,0x00000000ffff8378,0x0000000100000000)
  to   space 40448K, 0% used [0x00000000fb100000,0x00000000fb100000,0x00000000fd880000)
 ParOldGen       total 86528K, used 78609K [0x00000000a0000000, 0x00000000a5480000, 0x00000000e0000000)
  object space 86528K, 90% used [0x00000000a0000000,0x00000000a4cc4610,0x00000000a5480000)
 Metaspace       used 93408K, capacity 97676K, committed 97792K, reserved 1134592K
  class space    used 11853K, capacity 12752K, committed 12800K, reserved 1048576K

