# JRE version: OpenJDK Runtime Environment (8.0_152-b06) (build 1.8.0_152-release-1136-b06)
# Java VM: OpenJDK 64-Bit Server VM (25.152-b06 mixed mode linux-amd64 compressed oops)
Heap:
 PSYoungGen      total 448512K, used 1771K [0x00000000e0000000, 0x00000000fcc80000, 0x0000000100000000)
  eden space 425472K, 0% used [0x00000000e0000000,0x00000000e0000000,0x00000000f9f80000)
  from space 23040K, 7% used [0x00000000f9f80000,0x00000000fa13adf0,0x00000000fb600000)
  to   space 12800K, 0% used [0x00000000fc000000,0x00000000fc000000,0x00000000fcc80000)
 ParOldGen       total 127488K, used 63900K [0x00000000a0000000, 0x00000000a7c80000, 0x00000000e0000000)
  object space 127488K, 50% used [0x00000000a0000000,0x00000000a3e671f0,0x00000000a7c80000)
 Metaspace       used 85270K, capacity 88903K, committed 89176K, reserved 1126400K
  class space    used 11004K, capacity 11768K, committed 11904K, reserved 1048576K
GC Heap History (10 events):
Event: 18.560 GC heap after
Heap after GC invocations=18 (full 3):
 PSYoungGen      total 254976K, used 9372K [0x00000000e0000000, 0x00000000f7b00000, 0x0000000100000000)
  eden space 231424K, 0% used [0x00000000e0000000,0x00000000e0000000,0x00000000ee200000)
  from space 23552K, 39% used [0x00000000ee200000,0x00000000eeb27310,0x00000000ef900000)
  to   space 22016K, 0% used [0x00000000f6580000,0x00000000f6580000,0x00000000f7b00000)
 ParOldGen       total 82944K, used 47620K [0x00000000a0000000, 0x00000000a5100000, 0x00000000e0000000)
  object space 82944K, 57% used [0x00000000a0000000,0x00000000a2e81310,0x00000000a5100000)
 Metaspace       used 70771K, capacity 73291K, committed 73432K, reserved 1112064K
  class space    used 9430K, capacity 9947K, committed 9984K, reserved 1048576K
}
Event: 22.672 GC heap before
{Heap before GC invocations=19 (full 3):
 PSYoungGen      total 254976K, used 240796K [0x00000000e0000000, 0x00000000f7b00000, 0x0000000100000000)
  eden space 231424K, 100% used [0x00000000e0000000,0x00000000ee200000,0x00000000ee200000)
  from space 23552K, 39% used [0x00000000ee200000,0x00000000eeb27310,0x00000000ef900000)
  to   space 22016K, 0% used [0x00000000f6580000,0x00000000f6580000,0x00000000f7b00000)
 ParOldGen       total 82944K, used 47620K [0x00000000a0000000, 0x00000000a5100000, 0x00000000e0000000)
  object space 82944K, 57% used [0x00000000a0000000,0x00000000a2e81310,0x00000000a5100000)
 Metaspace       used 77169K, capacity 80107K, committed 80344K, reserved 1118208K
  class space    used 10123K, capacity 10725K, committed 10752K, reserved 1048576K
Event: 22.710 GC heap after
Heap after GC invocations=19 (full 3):
 PSYoungGen      total 352768K, used 6866K [0x00000000e0000000, 0x00000000f7400000, 0x0000000100000000)
  eden space 337920K, 0% used [0x00000000e0000000,0x00000000e0000000,0x00000000f4a00000)
  from space 14848K, 46% used [0x00000000f6580000,0x00000000f6c34b10,0x00000000f7400000)
  to   space 21504K, 0% used [0x00000000f4a00000,0x00000000f4a00000,0x00000000f5f00000)
 ParOldGen       total 82944K, used 50136K [0x00000000a0000000, 0x00000000a5100000, 0x00000000e0000000)
  object space 82944K, 60% used [0x00000000a0000000,0x00000000a30f63d0,0x00000000a5100000)
 Metaspace       used 77169K, capacity 80107K, committed 80344K, reserved 1118208K
  class space    used 10123K, capacity 10725K, committed 10752K, reserved 1048576K
}
Event: 227.355 GC heap before
{Heap before GC invocations=20 (full 3):
 PSYoungGen      total 352768K, used 344786K [0x00000000e0000000, 0x00000000f7400000, 0x0000000100000000)
  eden space 337920K, 100% used [0x00000000e0000000,0x00000000f4a00000,0x00000000f4a00000)
  from space 14848K, 46% used [0x00000000f6580000,0x00000000f6c34b10,0x00000000f7400000)
  to   space 21504K, 0% used [0x00000000f4a00000,0x00000000f4a00000,0x00000000f5f00000)
 ParOldGen       total 82944K, used 50136K [0x00000000a0000000, 0x00000000a5100000, 0x00000000e0000000)
  object space 82944K, 60% used [0x00000000a0000000,0x00000000a30f63d0,0x00000000a5100000)
 Metaspace       used 82415K, capacity 86039K, committed 86360K, reserved 1124352K
  class space    used 10776K, capacity 11538K, committed 11648K, reserved 1048576K
Event: 227.478 GC heap after
Heap after GC invocations=20 (full 3):
 PSYoungGen      total 359424K, used 20659K [0x00000000e0000000, 0x00000000fd800000, 0x0000000100000000)
  eden space 337920K, 0% used [0x00000000e0000000,0x00000000e0000000,0x00000000f4a00000)
  from space 21504K, 96% used [0x00000000f4a00000,0x00000000f5e2cc18,0x00000000f5f00000)
  to   space 24576K, 0% used [0x00000000fc000000,0x00000000fc000000,0x00000000fd800000)
 ParOldGen       total 82944K, used 52316K [0x00000000a0000000, 0x00000000a5100000, 0x00000000e0000000)
  object space 82944K, 63% used [0x00000000a0000000,0x00000000a3317220,0x00000000a5100000)
 Metaspace       used 82415K, capacity 86039K, committed 86360K, reserved 1124352K
  class space    used 10776K, capacity 11538K, committed 11648K, reserved 1048576K
}
Event: 422.276 GC heap before
{Heap before GC invocations=21 (full 3):
 PSYoungGen      total 359424K, used 358286K [0x00000000e0000000, 0x00000000fd800000, 0x0000000100000000)
  eden space 337920K, 99% used [0x00000000e0000000,0x00000000f49b6d48,0x00000000f4a00000)
  from space 21504K, 96% used [0x00000000f4a00000,0x00000000f5e2cc18,0x00000000f5f00000)
  to   space 24576K, 0% used [0x00000000fc000000,0x00000000fc000000,0x00000000fd800000)
 ParOldGen       total 82944K, used 52316K [0x00000000a0000000, 0x00000000a5100000, 0x00000000e0000000)
  object space 82944K, 63% used [0x00000000a0000000,0x00000000a3317220,0x00000000a5100000)
 Metaspace       used 85282K, capacity 89011K, committed 89176K, reserved 1126400K
  class space    used 11025K, capacity 11806K, committed 11904K, reserved 1048576K
Event: 422.326 GC heap after
Heap after GC invocations=21 (full 3):
 PSYoungGen      total 438272K, used 9583K [0x00000000e0000000, 0x00000000fcc80000, 0x0000000100000000)
  eden space 425472K, 0% used [0x00000000e0000000,0x00000000e0000000,0x00000000f9f80000)
  from space 12800K, 74% used [0x00000000fc000000,0x00000000fc95bfb0,0x00000000fcc80000)
  to   space 23040K, 0% used [0x00000000f9f80000,0x00000000f9f80000,0x00000000fb600000)
 ParOldGen       total 82944K, used 68936K [0x00000000a0000000, 0x00000000a5100000, 0x00000000e0000000)
  object space 82944K, 83% used [0x00000000a0000000,0x00000000a43522e0,0x00000000a5100000)
 Metaspace       used 85282K, capacity 89011K, committed 89176K, reserved 1126400K
  class space    used 11025K, capacity 11806K, committed 11904K, reserved 1048576K
}
Event: 422.327 GC heap before
{Heap before GC invocations=22 (full 4):
 PSYoungGen      total 438272K, used 9583K [0x00000000e0000000, 0x00000000fcc80000, 0x0000000100000000)
  eden space 425472K, 0% used [0x00000000e0000000,0x00000000e0000000,0x00000000f9f80000)
  from space 12800K, 74% used [0x00000000fc000000,0x00000000fc95bfb0,0x00000000fcc80000)
  to   space 23040K, 0% used [0x00000000f9f80000,0x00000000f9f80000,0x00000000fb600000)
 ParOldGen       total 82944K, used 68936K [0x00000000a0000000, 0x00000000a5100000, 0x00000000e0000000)
  object space 82944K, 83% used [0x00000000a0000000,0x00000000a43522e0,0x00000000a5100000)
 Metaspace       used 85282K, capacity 89011K, committed 89176K, reserved 1126400K
  class space    used 11025K, capacity 11806K, committed 11904K, reserved 1048576K
Event: 422.677 GC heap after
Heap after GC invocations=22 (full 4):
 PSYoungGen      total 438272K, used 0K [0x00000000e0000000, 0x00000000fcc80000, 0x0000000100000000)
  eden space 425472K, 0% used [0x00000000e0000000,0x00000000e0000000,0x00000000f9f80000)
  from space 12800K, 0% used [0x00000000fc000000,0x00000000fc000000,0x00000000fcc80000)
  to   space 23040K, 0% used [0x00000000f9f80000,0x00000000f9f80000,0x00000000fb600000)
 ParOldGen       total 127488K, used 63892K [0x00000000a0000000, 0x00000000a7c80000, 0x00000000e0000000)
  object space 127488K, 50% used [0x00000000a0000000,0x00000000a3e651f0,0x00000000a7c80000)
 Metaspace       used 85211K, capacity 88817K, committed 89176K, reserved 1126400K
  class space    used 11001K, capacity 11765K, committed 11904K, reserved 1048576K
}
Event: 424.372 GC heap before
{Heap before GC invocations=23 (full 4):
 PSYoungGen      total 438272K, used 425472K [0x00000000e0000000, 0x00000000fcc80000, 0x0000000100000000)
  eden space 425472K, 100% used [0x00000000e0000000,0x00000000f9f80000,0x00000000f9f80000)
  from space 12800K, 0% used [0x00000000fc000000,0x00000000fc000000,0x00000000fcc80000)
  to   space 23040K, 0% used [0x00000000f9f80000,0x00000000f9f80000,0x00000000fb600000)
 ParOldGen       total 127488K, used 63892K [0x00000000a0000000, 0x00000000a7c80000, 0x00000000e0000000)
  object space 127488K, 50% used [0x00000000a0000000,0x00000000a3e651f0,0x00000000a7c80000)
 Metaspace       used 85270K, capacity 88903K, committed 89176K, reserved 1126400K
  class space    used 11004K, capacity 11768K, committed 11904K, reserved 1048576K

