# JRE version: OpenJDK Runtime Environment (8.0_152-b06) (build 1.8.0_152-release-1136-b06)
# Java VM: OpenJDK 64-Bit Server VM (25.152-b06 mixed mode linux-amd64 compressed oops)
Heap:
 PSYoungGen      total 248832K, used 22521K [0x00000000e0000000, 0x00000000f0900000, 0x0000000100000000)
  eden space 226304K, 0% used [0x00000000e0000000,0x00000000e0000000,0x00000000edd00000)
  from space 22528K, 99% used [0x00000000edd00000,0x00000000ef2fe608,0x00000000ef300000)
  to   space 17408K, 0% used [0x00000000ef480000,0x00000000ef480000,0x00000000f0580000)
 ParOldGen       total 94208K, used 45196K [0x00000000a0000000, 0x00000000a5c00000, 0x00000000e0000000)
  object space 94208K, 47% used [0x00000000a0000000,0x00000000a2c23160,0x00000000a5c00000)
 Metaspace       used 80028K, capacity 83065K, committed 83160K, reserved 1122304K
  class space    used 10327K, capacity 10980K, committed 11008K, reserved 1048576K
GC Heap History (10 events):
Event: 13.878 GC heap after
Heap after GC invocations=15 (full 3):
 PSYoungGen      total 179712K, used 0K [0x00000000e0000000, 0x00000000ec300000, 0x0000000100000000)
  eden space 162816K, 0% used [0x00000000e0000000,0x00000000e0000000,0x00000000e9f00000)
  from space 16896K, 0% used [0x00000000eb280000,0x00000000eb280000,0x00000000ec300000)
  to   space 18432K, 0% used [0x00000000e9f00000,0x00000000e9f00000,0x00000000eb100000)
 ParOldGen       total 94208K, used 35958K [0x00000000a0000000, 0x00000000a5c00000, 0x00000000e0000000)
  object space 94208K, 38% used [0x00000000a0000000,0x00000000a231d810,0x00000000a5c00000)
 Metaspace       used 57029K, capacity 58803K, committed 58968K, reserved 1099776K
  class space    used 7769K, capacity 8199K, committed 8320K, reserved 1048576K
}
Event: 16.201 GC heap before
{Heap before GC invocations=16 (full 3):
 PSYoungGen      total 179712K, used 162816K [0x00000000e0000000, 0x00000000ec300000, 0x0000000100000000)
  eden space 162816K, 100% used [0x00000000e0000000,0x00000000e9f00000,0x00000000e9f00000)
  from space 16896K, 0% used [0x00000000eb280000,0x00000000eb280000,0x00000000ec300000)
  to   space 18432K, 0% used [0x00000000e9f00000,0x00000000e9f00000,0x00000000eb100000)
 ParOldGen       total 94208K, used 35958K [0x00000000a0000000, 0x00000000a5c00000, 0x00000000e0000000)
  object space 94208K, 38% used [0x00000000a0000000,0x00000000a231d810,0x00000000a5c00000)
 Metaspace       used 64401K, capacity 66741K, committed 66776K, reserved 1107968K
  class space    used 8666K, capacity 9182K, committed 9216K, reserved 1048576K
Event: 16.228 GC heap after
Heap after GC invocations=16 (full 3):
 PSYoungGen      total 181248K, used 11655K [0x00000000e0000000, 0x00000000ee700000, 0x0000000100000000)
  eden space 162816K, 0% used [0x00000000e0000000,0x00000000e0000000,0x00000000e9f00000)
  from space 18432K, 63% used [0x00000000e9f00000,0x00000000eaa61e18,0x00000000eb100000)
  to   space 18944K, 0% used [0x00000000ed480000,0x00000000ed480000,0x00000000ee700000)
 ParOldGen       total 94208K, used 35966K [0x00000000a0000000, 0x00000000a5c00000, 0x00000000e0000000)
  object space 94208K, 38% used [0x00000000a0000000,0x00000000a231f810,0x00000000a5c00000)
 Metaspace       used 64401K, capacity 66741K, committed 66776K, reserved 1107968K
  class space    used 8666K, capacity 9182K, committed 9216K, reserved 1048576K
}
Event: 17.322 GC heap before
{Heap before GC invocations=17 (full 3):
 PSYoungGen      total 181248K, used 174471K [0x00000000e0000000, 0x00000000ee700000, 0x0000000100000000)
  eden space 162816K, 100% used [0x00000000e0000000,0x00000000e9f00000,0x00000000e9f00000)
  from space 18432K, 63% used [0x00000000e9f00000,0x00000000eaa61e18,0x00000000eb100000)
  to   space 18944K, 0% used [0x00000000ed480000,0x00000000ed480000,0x00000000ee700000)
 ParOldGen       total 94208K, used 35966K [0x00000000a0000000, 0x00000000a5c00000, 0x00000000e0000000)
  object space 94208K, 38% used [0x00000000a0000000,0x00000000a231f810,0x00000000a5c00000)
 Metaspace       used 65089K, capacity 67417K, committed 67672K, reserved 1107968K
  class space    used 8718K, capacity 9220K, committed 9344K, reserved 1048576K
Event: 17.330 GC heap after
Heap after GC invocations=17 (full 3):
 PSYoungGen      total 210432K, used 5232K [0x00000000e0000000, 0x00000000ee300000, 0x0000000100000000)
  eden space 195584K, 0% used [0x00000000e0000000,0x00000000e0000000,0x00000000ebf00000)
  from space 14848K, 35% used [0x00000000ed480000,0x00000000ed99c3d8,0x00000000ee300000)
  to   space 18432K, 0% used [0x00000000ebf00000,0x00000000ebf00000,0x00000000ed100000)
 ParOldGen       total 94208K, used 35974K [0x00000000a0000000, 0x00000000a5c00000, 0x00000000e0000000)
  object space 94208K, 38% used [0x00000000a0000000,0x00000000a2321810,0x00000000a5c00000)
 Metaspace       used 65089K, capacity 67417K, committed 67672K, reserved 1107968K
  class space    used 8718K, capacity 9220K, committed 9344K, reserved 1048576K
}
Event: 19.651 GC heap before
{Heap before GC invocations=18 (full 3):
 PSYoungGen      total 210432K, used 200523K [0x00000000e0000000, 0x00000000ee300000, 0x0000000100000000)
  eden space 195584K, 99% used [0x00000000e0000000,0x00000000ebeb6bf8,0x00000000ebf00000)
  from space 14848K, 35% used [0x00000000ed480000,0x00000000ed99c3d8,0x00000000ee300000)
  to   space 18432K, 0% used [0x00000000ebf00000,0x00000000ebf00000,0x00000000ed100000)
 ParOldGen       total 94208K, used 35974K [0x00000000a0000000, 0x00000000a5c00000, 0x00000000e0000000)
  object space 94208K, 38% used [0x00000000a0000000,0x00000000a2321810,0x00000000a5c00000)
 Metaspace       used 67878K, capacity 70525K, committed 70616K, reserved 1110016K
  class space    used 9105K, capacity 9666K, committed 9728K, reserved 1048576K
Event: 19.670 GC heap after
Heap after GC invocations=18 (full 3):
 PSYoungGen      total 214016K, used 6306K [0x00000000e0000000, 0x00000000f0580000, 0x0000000100000000)
  eden space 195584K, 0% used [0x00000000e0000000,0x00000000e0000000,0x00000000ebf00000)
  from space 18432K, 34% used [0x00000000ebf00000,0x00000000ec528bc8,0x00000000ed100000)
  to   space 17408K, 0% used [0x00000000ef480000,0x00000000ef480000,0x00000000f0580000)
 ParOldGen       total 94208K, used 35982K [0x00000000a0000000, 0x00000000a5c00000, 0x00000000e0000000)
  object space 94208K, 38% used [0x00000000a0000000,0x00000000a2323810,0x00000000a5c00000)
 Metaspace       used 67878K, capacity 70525K, committed 70616K, reserved 1110016K
  class space    used 9105K, capacity 9666K, committed 9728K, reserved 1048576K
}
Event: 102.481 GC heap before
{Heap before GC invocations=19 (full 3):
 PSYoungGen      total 214016K, used 201383K [0x00000000e0000000, 0x00000000f0580000, 0x0000000100000000)
  eden space 195584K, 99% used [0x00000000e0000000,0x00000000ebe81260,0x00000000ebf00000)
  from space 18432K, 34% used [0x00000000ebf00000,0x00000000ec528bc8,0x00000000ed100000)
  to   space 17408K, 0% used [0x00000000ef480000,0x00000000ef480000,0x00000000f0580000)
 ParOldGen       total 94208K, used 35982K [0x00000000a0000000, 0x00000000a5c00000, 0x00000000e0000000)
  object space 94208K, 38% used [0x00000000a0000000,0x00000000a2323810,0x00000000a5c00000)
 Metaspace       used 73195K, capacity 76115K, committed 76248K, reserved 1116160K
  class space    used 9589K, capacity 10151K, committed 10240K, reserved 1048576K
Event: 102.521 GC heap after
Heap after GC invocations=19 (full 3):
 PSYoungGen      total 243712K, used 17400K [0x00000000e0000000, 0x00000000f0900000, 0x0000000100000000)
  eden space 226304K, 0% used [0x00000000e0000000,0x00000000e0000000,0x00000000edd00000)
  from space 17408K, 99% used [0x00000000ef480000,0x00000000f057e240,0x00000000f0580000)
  to   space 22528K, 0% used [0x00000000edd00000,0x00000000edd00000,0x00000000ef300000)
 ParOldGen       total 94208K, used 42270K [0x00000000a0000000, 0x00000000a5c00000, 0x00000000e0000000)
  object space 94208K, 44% used [0x00000000a0000000,0x00000000a29478f0,0x00000000a5c00000)
 Metaspace       used 73195K, capacity 76115K, committed 76248K, reserved 1116160K
  class space    used 9589K, capacity 10151K, committed 10240K, reserved 1048576K
}
Event: 110.833 GC heap before
{Heap before GC invocations=20 (full 3):
 PSYoungGen      total 243712K, used 243285K [0x00000000e0000000, 0x00000000f0900000, 0x0000000100000000)
  eden space 226304K, 99% used [0x00000000e0000000,0x00000000edc974f0,0x00000000edd00000)
  from space 17408K, 99% used [0x00000000ef480000,0x00000000f057e240,0x00000000f0580000)
  to   space 22528K, 0% used [0x00000000edd00000,0x00000000edd00000,0x00000000ef300000)
 ParOldGen       total 94208K, used 42270K [0x00000000a0000000, 0x00000000a5c00000, 0x00000000e0000000)
  object space 94208K, 44% used [0x00000000a0000000,0x00000000a29478f0,0x00000000a5c00000)
 Metaspace       used 80028K, capacity 83065K, committed 83160K, reserved 1122304K
  class space    used 10327K, capacity 10980K, committed 11008K, reserved 1048576K

