# JRE version: OpenJDK Runtime Environment (8.0_152-b06) (build 1.8.0_152-release-1136-b06)
# Java VM: OpenJDK 64-Bit Server VM (25.152-b06 mixed mode linux-amd64 compressed oops)
Heap:
 PSYoungGen      total 271872K, used 21992K [0x00000000e0000000, 0x00000000f4280000, 0x0000000100000000)
  eden space 249856K, 0% used [0x00000000e0000000,0x00000000e0000000,0x00000000ef400000)
  from space 22016K, 99% used [0x00000000ef400000,0x00000000f097a2d8,0x00000000f0980000)
  to   space 22016K, 0% used [0x00000000f0980000,0x00000000f0980000,0x00000000f1f00000)
 ParOldGen       total 92672K, used 48079K [0x00000000a0000000, 0x00000000a5a80000, 0x00000000e0000000)
  object space 92672K, 51% used [0x00000000a0000000,0x00000000a2ef3e78,0x00000000a5a80000)
 Metaspace       used 66710K, capacity 69139K, committed 69208K, reserved 1110016K
  class space    used 9067K, capacity 9587K, committed 9600K, reserved 1048576K
GC Heap History (10 events):
Event: 10.731 GC heap after
Heap after GC invocations=11 (full 2):
 PSYoungGen      total 174080K, used 15853K [0x00000000e0000000, 0x00000000eee80000, 0x0000000100000000)
  eden space 158208K, 0% used [0x00000000e0000000,0x00000000e0000000,0x00000000e9a80000)
  from space 15872K, 99% used [0x00000000e9a80000,0x00000000ea9fb530,0x00000000eaa00000)
  to   space 22016K, 0% used [0x00000000ed900000,0x00000000ed900000,0x00000000eee80000)
 ParOldGen       total 60928K, used 29713K [0x00000000a0000000, 0x00000000a3b80000, 0x00000000e0000000)
  object space 60928K, 48% used [0x00000000a0000000,0x00000000a1d04730,0x00000000a3b80000)
 Metaspace       used 55444K, capacity 57113K, committed 57304K, reserved 1099776K
  class space    used 7557K, capacity 7922K, committed 7936K, reserved 1048576K
}
Event: 13.120 GC heap before
{Heap before GC invocations=12 (full 2):
 PSYoungGen      total 174080K, used 79171K [0x00000000e0000000, 0x00000000eee80000, 0x0000000100000000)
  eden space 158208K, 40% used [0x00000000e0000000,0x00000000e3dd5818,0x00000000e9a80000)
  from space 15872K, 99% used [0x00000000e9a80000,0x00000000ea9fb530,0x00000000eaa00000)
  to   space 22016K, 0% used [0x00000000ed900000,0x00000000ed900000,0x00000000eee80000)
 ParOldGen       total 60928K, used 29713K [0x00000000a0000000, 0x00000000a3b80000, 0x00000000e0000000)
  object space 60928K, 48% used [0x00000000a0000000,0x00000000a1d04730,0x00000000a3b80000)
 Metaspace       used 57334K, capacity 58993K, committed 59028K, reserved 1099776K
  class space    used 7780K, capacity 8188K, committed 8192K, reserved 1048576K
Event: 13.172 GC heap after
Heap after GC invocations=12 (full 2):
 PSYoungGen      total 222720K, used 11387K [0x00000000e0000000, 0x00000000eee80000, 0x0000000100000000)
  eden space 200704K, 0% used [0x00000000e0000000,0x00000000e0000000,0x00000000ec400000)
  from space 22016K, 51% used [0x00000000ed900000,0x00000000ee41ee90,0x00000000eee80000)
  to   space 21504K, 0% used [0x00000000ec400000,0x00000000ec400000,0x00000000ed900000)
 ParOldGen       total 60928K, used 38170K [0x00000000a0000000, 0x00000000a3b80000, 0x00000000e0000000)
  object space 60928K, 62% used [0x00000000a0000000,0x00000000a25468b8,0x00000000a3b80000)
 Metaspace       used 57334K, capacity 58993K, committed 59028K, reserved 1099776K
  class space    used 7780K, capacity 8188K, committed 8192K, reserved 1048576K
}
Event: 13.172 GC heap before
{Heap before GC invocations=13 (full 3):
 PSYoungGen      total 222720K, used 11387K [0x00000000e0000000, 0x00000000eee80000, 0x0000000100000000)
  eden space 200704K, 0% used [0x00000000e0000000,0x00000000e0000000,0x00000000ec400000)
  from space 22016K, 51% used [0x00000000ed900000,0x00000000ee41ee90,0x00000000eee80000)
  to   space 21504K, 0% used [0x00000000ec400000,0x00000000ec400000,0x00000000ed900000)
 ParOldGen       total 60928K, used 38170K [0x00000000a0000000, 0x00000000a3b80000, 0x00000000e0000000)
  object space 60928K, 62% used [0x00000000a0000000,0x00000000a25468b8,0x00000000a3b80000)
 Metaspace       used 57334K, capacity 58993K, committed 59028K, reserved 1099776K
  class space    used 7780K, capacity 8188K, committed 8192K, reserved 1048576K
Event: 13.359 GC heap after
Heap after GC invocations=13 (full 3):
 PSYoungGen      total 222720K, used 0K [0x00000000e0000000, 0x00000000eee80000, 0x0000000100000000)
  eden space 200704K, 0% used [0x00000000e0000000,0x00000000e0000000,0x00000000ec400000)
  from space 22016K, 0% used [0x00000000ed900000,0x00000000ed900000,0x00000000eee80000)
  to   space 21504K, 0% used [0x00000000ec400000,0x00000000ec400000,0x00000000ed900000)
 ParOldGen       total 92672K, used 34699K [0x00000000a0000000, 0x00000000a5a80000, 0x00000000e0000000)
  object space 92672K, 37% used [0x00000000a0000000,0x00000000a21e2cf0,0x00000000a5a80000)
 Metaspace       used 57334K, capacity 58993K, committed 59028K, reserved 1099776K
  class space    used 7780K, capacity 8188K, committed 8192K, reserved 1048576K
}
Event: 13.776 GC heap before
{Heap before GC invocations=14 (full 3):
 PSYoungGen      total 222720K, used 200261K [0x00000000e0000000, 0x00000000eee80000, 0x0000000100000000)
  eden space 200704K, 99% used [0x00000000e0000000,0x00000000ec391770,0x00000000ec400000)
  from space 22016K, 0% used [0x00000000ed900000,0x00000000ed900000,0x00000000eee80000)
  to   space 21504K, 0% used [0x00000000ec400000,0x00000000ec400000,0x00000000ed900000)
 ParOldGen       total 92672K, used 34699K [0x00000000a0000000, 0x00000000a5a80000, 0x00000000e0000000)
  object space 92672K, 37% used [0x00000000a0000000,0x00000000a21e2cf0,0x00000000a5a80000)
 Metaspace       used 58291K, capacity 60083K, committed 60376K, reserved 1101824K
  class space    used 7907K, capacity 8353K, committed 8448K, reserved 1048576K
Event: 13.781 GC heap after
Heap after GC invocations=14 (full 3):
 PSYoungGen      total 222208K, used 2419K [0x00000000e0000000, 0x00000000f1f00000, 0x0000000100000000)
  eden space 200704K, 0% used [0x00000000e0000000,0x00000000e0000000,0x00000000ec400000)
  from space 21504K, 11% used [0x00000000ec400000,0x00000000ec65cf08,0x00000000ed900000)
  to   space 22016K, 0% used [0x00000000f0980000,0x00000000f0980000,0x00000000f1f00000)
 ParOldGen       total 92672K, used 34707K [0x00000000a0000000, 0x00000000a5a80000, 0x00000000e0000000)
  object space 92672K, 37% used [0x00000000a0000000,0x00000000a21e4cf0,0x00000000a5a80000)
 Metaspace       used 58291K, capacity 60083K, committed 60376K, reserved 1101824K
  class space    used 7907K, capacity 8353K, committed 8448K, reserved 1048576K
}
Event: 13.808 GC heap before
{Heap before GC invocations=15 (full 3):
 PSYoungGen      total 222208K, used 202497K [0x00000000e0000000, 0x00000000f1f00000, 0x0000000100000000)
  eden space 200704K, 99% used [0x00000000e0000000,0x00000000ec3636e8,0x00000000ec400000)
  from space 21504K, 11% used [0x00000000ec400000,0x00000000ec65cf08,0x00000000ed900000)
  to   space 22016K, 0% used [0x00000000f0980000,0x00000000f0980000,0x00000000f1f00000)
 ParOldGen       total 92672K, used 34707K [0x00000000a0000000, 0x00000000a5a80000, 0x00000000e0000000)
  object space 92672K, 37% used [0x00000000a0000000,0x00000000a21e4cf0,0x00000000a5a80000)
 Metaspace       used 58302K, capacity 60147K, committed 60376K, reserved 1101824K
  class space    used 7907K, capacity 8353K, committed 8448K, reserved 1048576K
Event: 13.814 GC heap after
Heap after GC invocations=15 (full 3):
 PSYoungGen      total 271872K, used 1420K [0x00000000e0000000, 0x00000000f4280000, 0x0000000100000000)
  eden space 249856K, 0% used [0x00000000e0000000,0x00000000e0000000,0x00000000ef400000)
  from space 22016K, 6% used [0x00000000f0980000,0x00000000f0ae3290,0x00000000f1f00000)
  to   space 22016K, 0% used [0x00000000ef400000,0x00000000ef400000,0x00000000f0980000)
 ParOldGen       total 92672K, used 34715K [0x00000000a0000000, 0x00000000a5a80000, 0x00000000e0000000)
  object space 92672K, 37% used [0x00000000a0000000,0x00000000a21e6cf0,0x00000000a5a80000)
 Metaspace       used 58302K, capacity 60147K, committed 60376K, reserved 1101824K
  class space    used 7907K, capacity 8353K, committed 8448K, reserved 1048576K
}
Event: 16.624 GC heap before
{Heap before GC invocations=16 (full 3):
 PSYoungGen      total 271872K, used 243568K [0x00000000e0000000, 0x00000000f4280000, 0x0000000100000000)
  eden space 249856K, 96% used [0x00000000e0000000,0x00000000eec78eb0,0x00000000ef400000)
  from space 22016K, 6% used [0x00000000f0980000,0x00000000f0ae3290,0x00000000f1f00000)
  to   space 22016K, 0% used [0x00000000ef400000,0x00000000ef400000,0x00000000f0980000)
 ParOldGen       total 92672K, used 34715K [0x00000000a0000000, 0x00000000a5a80000, 0x00000000e0000000)
  object space 92672K, 37% used [0x00000000a0000000,0x00000000a21e6cf0,0x00000000a5a80000)
 Metaspace       used 66710K, capacity 69139K, committed 69208K, reserved 1110016K
  class space    used 9067K, capacity 9587K, committed 9600K, reserved 1048576K

