# JRE version: OpenJDK Runtime Environment (8.0_152-b06) (build 1.8.0_152-release-1136-b06)
# Java VM: OpenJDK 64-Bit Server VM (25.152-b06 mixed mode linux-amd64 compressed oops)
Heap:
 PSYoungGen      total 177664K, used 11261K [0x00000000e0000000, 0x00000000ed000000, 0x0000000100000000)
  eden space 166400K, 0% used [0x00000000e0000000,0x00000000e0000000,0x00000000ea280000)
  from space 11264K, 99% used [0x00000000ea280000,0x00000000ead7f708,0x00000000ead80000)
  to   space 11776K, 0% used [0x00000000ead80000,0x00000000ead80000,0x00000000eb900000)
 ParOldGen       total 42496K, used 22432K [0x00000000a0000000, 0x00000000a2980000, 0x00000000e0000000)
  object space 42496K, 52% used [0x00000000a0000000,0x00000000a15e8240,0x00000000a2980000)
 Metaspace       used 47929K, capacity 49084K, committed 49408K, reserved 1091584K
  class space    used 6504K, capacity 6858K, committed 6912K, reserved 1048576K
GC Heap History (10 events):
Event: 5.102 GC heap after
Heap after GC invocations=8 (full 1):
 PSYoungGen      total 69632K, used 0K [0x00000000e0000000, 0x00000000e8800000, 0x0000000100000000)
  eden space 61952K, 0% used [0x00000000e0000000,0x00000000e0000000,0x00000000e3c80000)
  from space 7680K, 0% used [0x00000000e3c80000,0x00000000e3c80000,0x00000000e4400000)
  to   space 7680K, 0% used [0x00000000e8080000,0x00000000e8080000,0x00000000e8800000)
 ParOldGen       total 31232K, used 8241K [0x00000000a0000000, 0x00000000a1e80000, 0x00000000e0000000)
  object space 31232K, 26% used [0x00000000a0000000,0x00000000a080c4b8,0x00000000a1e80000)
 Metaspace       used 20617K, capacity 21078K, committed 21248K, reserved 1067008K
  class space    used 2904K, capacity 3042K, committed 3072K, reserved 1048576K
}
Event: 6.059 GC heap before
{Heap before GC invocations=9 (full 1):
 PSYoungGen      total 69632K, used 61952K [0x00000000e0000000, 0x00000000e8800000, 0x0000000100000000)
  eden space 61952K, 100% used [0x00000000e0000000,0x00000000e3c80000,0x00000000e3c80000)
  from space 7680K, 0% used [0x00000000e3c80000,0x00000000e3c80000,0x00000000e4400000)
  to   space 7680K, 0% used [0x00000000e8080000,0x00000000e8080000,0x00000000e8800000)
 ParOldGen       total 31232K, used 8241K [0x00000000a0000000, 0x00000000a1e80000, 0x00000000e0000000)
  object space 31232K, 26% used [0x00000000a0000000,0x00000000a080c4b8,0x00000000a1e80000)
 Metaspace       used 25538K, capacity 26066K, committed 26368K, reserved 1071104K
  class space    used 3586K, capacity 3760K, committed 3840K, reserved 1048576K
Event: 6.106 GC heap after
Heap after GC invocations=9 (full 1):
 PSYoungGen      total 118784K, used 5952K [0x00000000e0000000, 0x00000000e8680000, 0x0000000100000000)
  eden space 112640K, 0% used [0x00000000e0000000,0x00000000e0000000,0x00000000e6e00000)
  from space 6144K, 96% used [0x00000000e8080000,0x00000000e86503f0,0x00000000e8680000)
  to   space 8192K, 0% used [0x00000000e7680000,0x00000000e7680000,0x00000000e7e80000)
 ParOldGen       total 31232K, used 8249K [0x00000000a0000000, 0x00000000a1e80000, 0x00000000e0000000)
  object space 31232K, 26% used [0x00000000a0000000,0x00000000a080e4b8,0x00000000a1e80000)
 Metaspace       used 25538K, capacity 26066K, committed 26368K, reserved 1071104K
  class space    used 3586K, capacity 3760K, committed 3840K, reserved 1048576K
}
Event: 9.406 GC heap before
{Heap before GC invocations=10 (full 1):
 PSYoungGen      total 118784K, used 118592K [0x00000000e0000000, 0x00000000e8680000, 0x0000000100000000)
  eden space 112640K, 100% used [0x00000000e0000000,0x00000000e6e00000,0x00000000e6e00000)
  from space 6144K, 96% used [0x00000000e8080000,0x00000000e86503f0,0x00000000e8680000)
  to   space 8192K, 0% used [0x00000000e7680000,0x00000000e7680000,0x00000000e7e80000)
 ParOldGen       total 31232K, used 8249K [0x00000000a0000000, 0x00000000a1e80000, 0x00000000e0000000)
  object space 31232K, 26% used [0x00000000a0000000,0x00000000a080e4b8,0x00000000a1e80000)
 Metaspace       used 34410K, capacity 35132K, committed 35328K, reserved 1079296K
  class space    used 4840K, capacity 5119K, committed 5120K, reserved 1048576K
Event: 9.442 GC heap after
Heap after GC invocations=10 (full 1):
 PSYoungGen      total 129536K, used 8165K [0x00000000e0000000, 0x00000000eb900000, 0x0000000100000000)
  eden space 121344K, 0% used [0x00000000e0000000,0x00000000e0000000,0x00000000e7680000)
  from space 8192K, 99% used [0x00000000e7680000,0x00000000e7e794e0,0x00000000e7e80000)
  to   space 11776K, 0% used [0x00000000ead80000,0x00000000ead80000,0x00000000eb900000)
 ParOldGen       total 31232K, used 14453K [0x00000000a0000000, 0x00000000a1e80000, 0x00000000e0000000)
  object space 31232K, 46% used [0x00000000a0000000,0x00000000a0e1d6d0,0x00000000a1e80000)
 Metaspace       used 34410K, capacity 35132K, committed 35328K, reserved 1079296K
  class space    used 4840K, capacity 5119K, committed 5120K, reserved 1048576K
}
Event: 9.504 GC heap before
{Heap before GC invocations=11 (full 1):
 PSYoungGen      total 129536K, used 10257K [0x00000000e0000000, 0x00000000eb900000, 0x0000000100000000)
  eden space 121344K, 1% used [0x00000000e0000000,0x00000000e020b2e8,0x00000000e7680000)
  from space 8192K, 99% used [0x00000000e7680000,0x00000000e7e794e0,0x00000000e7e80000)
  to   space 11776K, 0% used [0x00000000ead80000,0x00000000ead80000,0x00000000eb900000)
 ParOldGen       total 31232K, used 14453K [0x00000000a0000000, 0x00000000a1e80000, 0x00000000e0000000)
  object space 31232K, 46% used [0x00000000a0000000,0x00000000a0e1d6d0,0x00000000a1e80000)
 Metaspace       used 34559K, capacity 35260K, committed 35416K, reserved 1079296K
  class space    used 4857K, capacity 5119K, committed 5120K, reserved 1048576K
Event: 9.545 GC heap after
Heap after GC invocations=11 (full 1):
 PSYoungGen      total 178176K, used 6144K [0x00000000e0000000, 0x00000000ed000000, 0x0000000100000000)
  eden space 166400K, 0% used [0x00000000e0000000,0x00000000e0000000,0x00000000ea280000)
  from space 11776K, 52% used [0x00000000ead80000,0x00000000eb380000,0x00000000eb900000)
  to   space 11264K, 0% used [0x00000000ea280000,0x00000000ea280000,0x00000000ead80000)
 ParOldGen       total 31232K, used 16538K [0x00000000a0000000, 0x00000000a1e80000, 0x00000000e0000000)
  object space 31232K, 52% used [0x00000000a0000000,0x00000000a10268d0,0x00000000a1e80000)
 Metaspace       used 34559K, capacity 35260K, committed 35416K, reserved 1079296K
  class space    used 4857K, capacity 5119K, committed 5120K, reserved 1048576K
}
Event: 9.545 GC heap before
{Heap before GC invocations=12 (full 2):
 PSYoungGen      total 178176K, used 6144K [0x00000000e0000000, 0x00000000ed000000, 0x0000000100000000)
  eden space 166400K, 0% used [0x00000000e0000000,0x00000000e0000000,0x00000000ea280000)
  from space 11776K, 52% used [0x00000000ead80000,0x00000000eb380000,0x00000000eb900000)
  to   space 11264K, 0% used [0x00000000ea280000,0x00000000ea280000,0x00000000ead80000)
 ParOldGen       total 31232K, used 16538K [0x00000000a0000000, 0x00000000a1e80000, 0x00000000e0000000)
  object space 31232K, 52% used [0x00000000a0000000,0x00000000a10268d0,0x00000000a1e80000)
 Metaspace       used 34559K, capacity 35260K, committed 35416K, reserved 1079296K
  class space    used 4857K, capacity 5119K, committed 5120K, reserved 1048576K
Event: 9.660 GC heap after
Heap after GC invocations=12 (full 2):
 PSYoungGen      total 178176K, used 0K [0x00000000e0000000, 0x00000000ed000000, 0x0000000100000000)
  eden space 166400K, 0% used [0x00000000e0000000,0x00000000e0000000,0x00000000ea280000)
  from space 11776K, 0% used [0x00000000ead80000,0x00000000ead80000,0x00000000eb900000)
  to   space 11264K, 0% used [0x00000000ea280000,0x00000000ea280000,0x00000000ead80000)
 ParOldGen       total 42496K, used 15095K [0x00000000a0000000, 0x00000000a2980000, 0x00000000e0000000)
  object space 42496K, 35% used [0x00000000a0000000,0x00000000a0ebdd10,0x00000000a2980000)
 Metaspace       used 34559K, capacity 35260K, committed 35416K, reserved 1079296K
  class space    used 4857K, capacity 5119K, committed 5120K, reserved 1048576K
}
Event: 12.902 GC heap before
{Heap before GC invocations=13 (full 2):
 PSYoungGen      total 178176K, used 166400K [0x00000000e0000000, 0x00000000ed000000, 0x0000000100000000)
  eden space 166400K, 100% used [0x00000000e0000000,0x00000000ea280000,0x00000000ea280000)
  from space 11776K, 0% used [0x00000000ead80000,0x00000000ead80000,0x00000000eb900000)
  to   space 11264K, 0% used [0x00000000ea280000,0x00000000ea280000,0x00000000ead80000)
 ParOldGen       total 42496K, used 15095K [0x00000000a0000000, 0x00000000a2980000, 0x00000000e0000000)
  object space 42496K, 35% used [0x00000000a0000000,0x00000000a0ebdd10,0x00000000a2980000)
 Metaspace       used 47929K, capacity 49084K, committed 49408K, reserved 1091584K
  class space    used 6504K, capacity 6858K, committed 6912K, reserved 1048576K

