# JRE version: OpenJDK Runtime Environment (8.0_152-b06) (build 1.8.0_152-release-1136-b06)
# Java VM: OpenJDK 64-Bit Server VM (25.152-b06 mixed mode linux-amd64 compressed oops)
Heap:
 PSYoungGen      total 182272K, used 7149K [0x00000000e0000000, 0x00000000eca80000, 0x0000000100000000)
  eden space 165376K, 0% used [0x00000000e0000000,0x00000000e0000000,0x00000000ea180000)
  from space 16896K, 42% used [0x00000000ea180000,0x00000000ea87b788,0x00000000eb200000)
  to   space 14848K, 0% used [0x00000000eb200000,0x00000000eb200000,0x00000000ec080000)
 ParOldGen       total 50688K, used 47601K [0x00000000a0000000, 0x00000000a3180000, 0x00000000e0000000)
  object space 50688K, 93% used [0x00000000a0000000,0x00000000a2e7c4d0,0x00000000a3180000)
 Metaspace       used 57086K, capacity 58858K, committed 59028K, reserved 1099776K
  class space    used 7877K, capacity 8327K, committed 8448K, reserved 1048576K
GC Heap History (10 events):
Event: 14.809 GC heap after
Heap after GC invocations=12 (full 1):
 PSYoungGen      total 97792K, used 5441K [0x00000000e0000000, 0x00000000e8e00000, 0x0000000100000000)
  eden space 89088K, 0% used [0x00000000e0000000,0x00000000e0000000,0x00000000e5700000)
  from space 8704K, 62% used [0x00000000e5700000,0x00000000e5c506e8,0x00000000e5f80000)
  to   space 8704K, 0% used [0x00000000e8580000,0x00000000e8580000,0x00000000e8e00000)
 ParOldGen       total 31744K, used 16646K [0x00000000a0000000, 0x00000000a1f00000, 0x00000000e0000000)
  object space 31744K, 52% used [0x00000000a0000000,0x00000000a1041810,0x00000000a1f00000)
 Metaspace       used 34583K, capacity 35328K, committed 35416K, reserved 1079296K
  class space    used 4857K, capacity 5119K, committed 5120K, reserved 1048576K
}
Event: 14.809 GC heap before
{Heap before GC invocations=13 (full 2):
 PSYoungGen      total 97792K, used 5441K [0x00000000e0000000, 0x00000000e8e00000, 0x0000000100000000)
  eden space 89088K, 0% used [0x00000000e0000000,0x00000000e0000000,0x00000000e5700000)
  from space 8704K, 62% used [0x00000000e5700000,0x00000000e5c506e8,0x00000000e5f80000)
  to   space 8704K, 0% used [0x00000000e8580000,0x00000000e8580000,0x00000000e8e00000)
 ParOldGen       total 31744K, used 16646K [0x00000000a0000000, 0x00000000a1f00000, 0x00000000e0000000)
  object space 31744K, 52% used [0x00000000a0000000,0x00000000a1041810,0x00000000a1f00000)
 Metaspace       used 34583K, capacity 35328K, committed 35416K, reserved 1079296K
  class space    used 4857K, capacity 5119K, committed 5120K, reserved 1048576K
Event: 14.915 GC heap after
Heap after GC invocations=13 (full 2):
 PSYoungGen      total 97792K, used 0K [0x00000000e0000000, 0x00000000e8e00000, 0x0000000100000000)
  eden space 89088K, 0% used [0x00000000e0000000,0x00000000e0000000,0x00000000e5700000)
  from space 8704K, 0% used [0x00000000e5700000,0x00000000e5700000,0x00000000e5f80000)
  to   space 8704K, 0% used [0x00000000e8580000,0x00000000e8580000,0x00000000e8e00000)
 ParOldGen       total 50688K, used 17912K [0x00000000a0000000, 0x00000000a3180000, 0x00000000e0000000)
  object space 50688K, 35% used [0x00000000a0000000,0x00000000a117e0c0,0x00000000a3180000)
 Metaspace       used 34583K, capacity 35328K, committed 35416K, reserved 1079296K
  class space    used 4857K, capacity 5119K, committed 5120K, reserved 1048576K
}
Event: 16.826 GC heap before
{Heap before GC invocations=14 (full 2):
 PSYoungGen      total 97792K, used 88870K [0x00000000e0000000, 0x00000000e8e00000, 0x0000000100000000)
  eden space 89088K, 99% used [0x00000000e0000000,0x00000000e56c9bd8,0x00000000e5700000)
  from space 8704K, 0% used [0x00000000e5700000,0x00000000e5700000,0x00000000e5f80000)
  to   space 8704K, 0% used [0x00000000e8580000,0x00000000e8580000,0x00000000e8e00000)
 ParOldGen       total 50688K, used 17912K [0x00000000a0000000, 0x00000000a3180000, 0x00000000e0000000)
  object space 50688K, 35% used [0x00000000a0000000,0x00000000a117e0c0,0x00000000a3180000)
 Metaspace       used 40731K, capacity 41626K, committed 41984K, reserved 1085440K
  class space    used 5553K, capacity 5824K, committed 5888K, reserved 1048576K
Event: 16.894 GC heap after
Heap after GC invocations=14 (full 2):
 PSYoungGen      total 132096K, used 8676K [0x00000000e0000000, 0x00000000e8e00000, 0x0000000100000000)
  eden space 123392K, 0% used [0x00000000e0000000,0x00000000e0000000,0x00000000e7880000)
  from space 8704K, 99% used [0x00000000e8580000,0x00000000e8df9300,0x00000000e8e00000)
  to   space 10240K, 0% used [0x00000000e7a00000,0x00000000e7a00000,0x00000000e8400000)
 ParOldGen       total 50688K, used 18957K [0x00000000a0000000, 0x00000000a3180000, 0x00000000e0000000)
  object space 50688K, 37% used [0x00000000a0000000,0x00000000a1283668,0x00000000a3180000)
 Metaspace       used 40731K, capacity 41626K, committed 41984K, reserved 1085440K
  class space    used 5553K, capacity 5824K, committed 5888K, reserved 1048576K
}
Event: 20.440 GC heap before
{Heap before GC invocations=15 (full 2):
 PSYoungGen      total 132096K, used 132068K [0x00000000e0000000, 0x00000000e8e00000, 0x0000000100000000)
  eden space 123392K, 100% used [0x00000000e0000000,0x00000000e7880000,0x00000000e7880000)
  from space 8704K, 99% used [0x00000000e8580000,0x00000000e8df9300,0x00000000e8e00000)
  to   space 10240K, 0% used [0x00000000e7a00000,0x00000000e7a00000,0x00000000e8400000)
 ParOldGen       total 50688K, used 18957K [0x00000000a0000000, 0x00000000a3180000, 0x00000000e0000000)
  object space 50688K, 37% used [0x00000000a0000000,0x00000000a1283668,0x00000000a3180000)
 Metaspace       used 52631K, capacity 54228K, committed 54528K, reserved 1095680K
  class space    used 7195K, capacity 7608K, committed 7680K, reserved 1048576K
Event: 20.473 GC heap after
Heap after GC invocations=15 (full 2):
 PSYoungGen      total 135168K, used 10229K [0x00000000e0000000, 0x00000000ec080000, 0x0000000100000000)
  eden space 124928K, 0% used [0x00000000e0000000,0x00000000e0000000,0x00000000e7a00000)
  from space 10240K, 99% used [0x00000000e7a00000,0x00000000e83fd730,0x00000000e8400000)
  to   space 14848K, 0% used [0x00000000eb200000,0x00000000eb200000,0x00000000ec080000)
 ParOldGen       total 50688K, used 28546K [0x00000000a0000000, 0x00000000a3180000, 0x00000000e0000000)
  object space 50688K, 56% used [0x00000000a0000000,0x00000000a1be0bd8,0x00000000a3180000)
 Metaspace       used 52631K, capacity 54228K, committed 54528K, reserved 1095680K
  class space    used 7195K, capacity 7608K, committed 7680K, reserved 1048576K
}
Event: 22.027 GC heap before
{Heap before GC invocations=16 (full 2):
 PSYoungGen      total 135168K, used 135157K [0x00000000e0000000, 0x00000000ec080000, 0x0000000100000000)
  eden space 124928K, 100% used [0x00000000e0000000,0x00000000e7a00000,0x00000000e7a00000)
  from space 10240K, 99% used [0x00000000e7a00000,0x00000000e83fd730,0x00000000e8400000)
  to   space 14848K, 0% used [0x00000000eb200000,0x00000000eb200000,0x00000000ec080000)
 ParOldGen       total 50688K, used 28546K [0x00000000a0000000, 0x00000000a3180000, 0x00000000e0000000)
  object space 50688K, 56% used [0x00000000a0000000,0x00000000a1be0bd8,0x00000000a3180000)
 Metaspace       used 55728K, capacity 57554K, committed 57856K, reserved 1099776K
  class space    used 7665K, capacity 8140K, committed 8192K, reserved 1048576K
Event: 22.084 GC heap after
Heap after GC invocations=16 (full 2):
 PSYoungGen      total 180224K, used 13362K [0x00000000e0000000, 0x00000000eca80000, 0x0000000100000000)
  eden space 165376K, 0% used [0x00000000e0000000,0x00000000e0000000,0x00000000ea180000)
  from space 14848K, 89% used [0x00000000eb200000,0x00000000ebf0cbd8,0x00000000ec080000)
  to   space 16896K, 0% used [0x00000000ea180000,0x00000000ea180000,0x00000000eb200000)
 ParOldGen       total 50688K, used 36015K [0x00000000a0000000, 0x00000000a3180000, 0x00000000e0000000)
  object space 50688K, 71% used [0x00000000a0000000,0x00000000a232bc00,0x00000000a3180000)
 Metaspace       used 55728K, capacity 57554K, committed 57856K, reserved 1099776K
  class space    used 7665K, capacity 8140K, committed 8192K, reserved 1048576K
}
Event: 26.536 GC heap before
{Heap before GC invocations=17 (full 2):
 PSYoungGen      total 180224K, used 80660K [0x00000000e0000000, 0x00000000eca80000, 0x0000000100000000)
  eden space 165376K, 40% used [0x00000000e0000000,0x00000000e41b8758,0x00000000ea180000)
  from space 14848K, 89% used [0x00000000eb200000,0x00000000ebf0cbd8,0x00000000ec080000)
  to   space 16896K, 0% used [0x00000000ea180000,0x00000000ea180000,0x00000000eb200000)
 ParOldGen       total 50688K, used 36015K [0x00000000a0000000, 0x00000000a3180000, 0x00000000e0000000)
  object space 50688K, 71% used [0x00000000a0000000,0x00000000a232bc00,0x00000000a3180000)
 Metaspace       used 57086K, capacity 58858K, committed 59028K, reserved 1099776K
  class space    used 7877K, capacity 8327K, committed 8448K, reserved 1048576K

