# JRE version: OpenJDK Runtime Environment (8.0_152-b06) (build 1.8.0_152-release-1136-b06)
# Java VM: OpenJDK 64-Bit Server VM (25.152-b06 mixed mode linux-amd64 compressed oops)
Heap:
 PSYoungGen      total 336896K, used 25876K [0x00000000e0000000, 0x00000000f6d00000, 0x0000000100000000)
  eden space 302592K, 0% used [0x00000000e0000000,0x00000000e0000000,0x00000000f2780000)
  from space 34304K, 75% used [0x00000000f2780000,0x00000000f40c53c8,0x00000000f4900000)
  to   space 30720K, 0% used [0x00000000f4900000,0x00000000f4900000,0x00000000f6700000)
 ParOldGen       total 89600K, used 44174K [0x00000000a0000000, 0x00000000a5780000, 0x00000000e0000000)
  object space 89600K, 49% used [0x00000000a0000000,0x00000000a2b23a48,0x00000000a5780000)
 Metaspace       used 82848K, capacity 86005K, committed 86232K, reserved 1124352K
  class space    used 10554K, capacity 11208K, committed 11264K, reserved 1048576K
GC Heap History (10 events):
Event: 18.714 GC heap after
Heap after GC invocations=17 (full 3):
 PSYoungGen      total 223232K, used 16405K [0x00000000e0000000, 0x00000000ef580000, 0x0000000100000000)
  eden space 204288K, 0% used [0x00000000e0000000,0x00000000e0000000,0x00000000ec780000)
  from space 18944K, 86% used [0x00000000edb80000,0x00000000eeb85720,0x00000000eee00000)
  to   space 20480K, 0% used [0x00000000ec780000,0x00000000ec780000,0x00000000edb80000)
 ParOldGen       total 89600K, used 35727K [0x00000000a0000000, 0x00000000a5780000, 0x00000000e0000000)
  object space 89600K, 39% used [0x00000000a0000000,0x00000000a22e3d80,0x00000000a5780000)
 Metaspace       used 65602K, capacity 67997K, committed 68184K, reserved 1107968K
  class space    used 8772K, capacity 9264K, committed 9344K, reserved 1048576K
}
Event: 20.987 GC heap before
{Heap before GC invocations=18 (full 3):
 PSYoungGen      total 223232K, used 220693K [0x00000000e0000000, 0x00000000ef580000, 0x0000000100000000)
  eden space 204288K, 100% used [0x00000000e0000000,0x00000000ec780000,0x00000000ec780000)
  from space 18944K, 86% used [0x00000000edb80000,0x00000000eeb85720,0x00000000eee00000)
  to   space 20480K, 0% used [0x00000000ec780000,0x00000000ec780000,0x00000000edb80000)
 ParOldGen       total 89600K, used 35727K [0x00000000a0000000, 0x00000000a5780000, 0x00000000e0000000)
  object space 89600K, 39% used [0x00000000a0000000,0x00000000a22e3d80,0x00000000a5780000)
 Metaspace       used 66384K, capacity 68867K, committed 68952K, reserved 1110016K
  class space    used 8844K, capacity 9343K, committed 9344K, reserved 1048576K
Event: 21.063 GC heap after
Heap after GC invocations=18 (full 3):
 PSYoungGen      total 224768K, used 20467K [0x00000000e0000000, 0x00000000f3680000, 0x0000000100000000)
  eden space 204288K, 0% used [0x00000000e0000000,0x00000000e0000000,0x00000000ec780000)
  from space 20480K, 99% used [0x00000000ec780000,0x00000000edb7cdd8,0x00000000edb80000)
  to   space 26624K, 0% used [0x00000000f1c80000,0x00000000f1c80000,0x00000000f3680000)
 ParOldGen       total 89600K, used 43002K [0x00000000a0000000, 0x00000000a5780000, 0x00000000e0000000)
  object space 89600K, 47% used [0x00000000a0000000,0x00000000a29fe9a8,0x00000000a5780000)
 Metaspace       used 66384K, capacity 68867K, committed 68952K, reserved 1110016K
  class space    used 8844K, capacity 9343K, committed 9344K, reserved 1048576K
}
Event: 23.961 GC heap before
{Heap before GC invocations=19 (full 3):
 PSYoungGen      total 224768K, used 224755K [0x00000000e0000000, 0x00000000f3680000, 0x0000000100000000)
  eden space 204288K, 100% used [0x00000000e0000000,0x00000000ec780000,0x00000000ec780000)
  from space 20480K, 99% used [0x00000000ec780000,0x00000000edb7cdd8,0x00000000edb80000)
  to   space 26624K, 0% used [0x00000000f1c80000,0x00000000f1c80000,0x00000000f3680000)
 ParOldGen       total 89600K, used 43002K [0x00000000a0000000, 0x00000000a5780000, 0x00000000e0000000)
  object space 89600K, 47% used [0x00000000a0000000,0x00000000a29fe9a8,0x00000000a5780000)
 Metaspace       used 70074K, capacity 72939K, committed 73176K, reserved 1112064K
  class space    used 9397K, capacity 9949K, committed 9984K, reserved 1048576K
Event: 24.013 GC heap after
Heap after GC invocations=19 (full 3):
 PSYoungGen      total 289792K, used 19630K [0x00000000e0000000, 0x00000000f3800000, 0x0000000100000000)
  eden space 263168K, 0% used [0x00000000e0000000,0x00000000e0000000,0x00000000f0100000)
  from space 26624K, 73% used [0x00000000f1c80000,0x00000000f2fab878,0x00000000f3680000)
  to   space 28160K, 0% used [0x00000000f0100000,0x00000000f0100000,0x00000000f1c80000)
 ParOldGen       total 89600K, used 43718K [0x00000000a0000000, 0x00000000a5780000, 0x00000000e0000000)
  object space 89600K, 48% used [0x00000000a0000000,0x00000000a2ab1a18,0x00000000a5780000)
 Metaspace       used 70074K, capacity 72939K, committed 73176K, reserved 1112064K
  class space    used 9397K, capacity 9949K, committed 9984K, reserved 1048576K
}
Event: 260.250 GC heap before
{Heap before GC invocations=20 (full 3):
 PSYoungGen      total 289792K, used 282798K [0x00000000e0000000, 0x00000000f3800000, 0x0000000100000000)
  eden space 263168K, 100% used [0x00000000e0000000,0x00000000f0100000,0x00000000f0100000)
  from space 26624K, 73% used [0x00000000f1c80000,0x00000000f2fab878,0x00000000f3680000)
  to   space 28160K, 0% used [0x00000000f0100000,0x00000000f0100000,0x00000000f1c80000)
 ParOldGen       total 89600K, used 43718K [0x00000000a0000000, 0x00000000a5780000, 0x00000000e0000000)
  object space 89600K, 48% used [0x00000000a0000000,0x00000000a2ab1a18,0x00000000a5780000)
 Metaspace       used 79397K, capacity 82479K, committed 82648K, reserved 1120256K
  class space    used 10323K, capacity 10927K, committed 11008K, reserved 1048576K
Event: 260.291 GC heap after
Heap after GC invocations=20 (full 3):
 PSYoungGen      total 291328K, used 23829K [0x00000000e0000000, 0x00000000f6700000, 0x0000000100000000)
  eden space 263168K, 0% used [0x00000000e0000000,0x00000000e0000000,0x00000000f0100000)
  from space 28160K, 84% used [0x00000000f0100000,0x00000000f18454b0,0x00000000f1c80000)
  to   space 30720K, 0% used [0x00000000f4900000,0x00000000f4900000,0x00000000f6700000)
 ParOldGen       total 89600K, used 44158K [0x00000000a0000000, 0x00000000a5780000, 0x00000000e0000000)
  object space 89600K, 49% used [0x00000000a0000000,0x00000000a2b1fa48,0x00000000a5780000)
 Metaspace       used 79397K, capacity 82479K, committed 82648K, reserved 1120256K
  class space    used 10323K, capacity 10927K, committed 11008K, reserved 1048576K
}
Event: 265.602 GC heap before
{Heap before GC invocations=21 (full 3):
 PSYoungGen      total 291328K, used 286997K [0x00000000e0000000, 0x00000000f6700000, 0x0000000100000000)
  eden space 263168K, 100% used [0x00000000e0000000,0x00000000f0100000,0x00000000f0100000)
  from space 28160K, 84% used [0x00000000f0100000,0x00000000f18454b0,0x00000000f1c80000)
  to   space 30720K, 0% used [0x00000000f4900000,0x00000000f4900000,0x00000000f6700000)
 ParOldGen       total 89600K, used 44158K [0x00000000a0000000, 0x00000000a5780000, 0x00000000e0000000)
  object space 89600K, 49% used [0x00000000a0000000,0x00000000a2b1fa48,0x00000000a5780000)
 Metaspace       used 82649K, capacity 85797K, committed 85976K, reserved 1124352K
  class space    used 10552K, capacity 11206K, committed 11264K, reserved 1048576K
Event: 265.668 GC heap after
Heap after GC invocations=21 (full 3):
 PSYoungGen      total 333312K, used 26703K [0x00000000e0000000, 0x00000000f6d00000, 0x0000000100000000)
  eden space 302592K, 0% used [0x00000000e0000000,0x00000000e0000000,0x00000000f2780000)
  from space 30720K, 86% used [0x00000000f4900000,0x00000000f6313cc8,0x00000000f6700000)
  to   space 34304K, 0% used [0x00000000f2780000,0x00000000f2780000,0x00000000f4900000)
 ParOldGen       total 89600K, used 44166K [0x00000000a0000000, 0x00000000a5780000, 0x00000000e0000000)
  object space 89600K, 49% used [0x00000000a0000000,0x00000000a2b21a48,0x00000000a5780000)
 Metaspace       used 82649K, capacity 85797K, committed 85976K, reserved 1124352K
  class space    used 10552K, capacity 11206K, committed 11264K, reserved 1048576K
}
Event: 267.035 GC heap before
{Heap before GC invocations=22 (full 3):
 PSYoungGen      total 333312K, used 328492K [0x00000000e0000000, 0x00000000f6d00000, 0x0000000100000000)
  eden space 302592K, 99% used [0x00000000e0000000,0x00000000f26b76e8,0x00000000f2780000)
  from space 30720K, 86% used [0x00000000f4900000,0x00000000f6313cc8,0x00000000f6700000)
  to   space 34304K, 0% used [0x00000000f2780000,0x00000000f2780000,0x00000000f4900000)
 ParOldGen       total 89600K, used 44166K [0x00000000a0000000, 0x00000000a5780000, 0x00000000e0000000)
  object space 89600K, 49% used [0x00000000a0000000,0x00000000a2b21a48,0x00000000a5780000)
 Metaspace       used 82848K, capacity 86005K, committed 86232K, reserved 1124352K
  class space    used 10554K, capacity 11208K, committed 11264K, reserved 1048576K

