# JRE version: OpenJDK Runtime Environment (8.0_152-b06) (build 1.8.0_152-release-1136-b06)
# Java VM: OpenJDK 64-Bit Server VM (25.152-b06 mixed mode linux-amd64 compressed oops)
Heap:
 PSYoungGen      total 182784K, used 15547K [0x00000000e0000000, 0x00000000ec500000, 0x0000000100000000)
  eden space 166912K, 0% used [0x00000000e0000000,0x00000000e0000000,0x00000000ea300000)
  from space 15872K, 97% used [0x00000000ea300000,0x00000000eb22ed88,0x00000000eb280000)
  to   space 14336K, 0% used [0x00000000eb280000,0x00000000eb280000,0x00000000ec080000)
 ParOldGen       total 53248K, used 36313K [0x00000000a0000000, 0x00000000a3400000, 0x00000000e0000000)
  object space 53248K, 68% used [0x00000000a0000000,0x00000000a2376640,0x00000000a3400000)
 Metaspace       used 57000K, capacity 58830K, committed 59008K, reserved 1099776K
  class space    used 7856K, capacity 8295K, committed 8320K, reserved 1048576K
GC Heap History (10 events):
Event: 7.642 GC heap after
Heap after GC invocations=10 (full 1):
 PSYoungGen      total 130048K, used 8187K [0x00000000e0000000, 0x00000000e9300000, 0x0000000100000000)
  eden space 121856K, 0% used [0x00000000e0000000,0x00000000e0000000,0x00000000e7700000)
  from space 8192K, 99% used [0x00000000e7700000,0x00000000e7efec80,0x00000000e7f00000)
  to   space 10752K, 0% used [0x00000000e8880000,0x00000000e8880000,0x00000000e9300000)
 ParOldGen       total 33792K, used 12477K [0x00000000a0000000, 0x00000000a2100000, 0x00000000e0000000)
  object space 33792K, 36% used [0x00000000a0000000,0x00000000a0c2f7a0,0x00000000a2100000)
 Metaspace       used 31512K, capacity 32270K, committed 32384K, reserved 1077248K
  class space    used 4442K, capacity 4695K, committed 4736K, reserved 1048576K
}
Event: 8.070 GC heap before
{Heap before GC invocations=11 (full 1):
 PSYoungGen      total 130048K, used 23366K [0x00000000e0000000, 0x00000000e9300000, 0x0000000100000000)
  eden space 121856K, 12% used [0x00000000e0000000,0x00000000e0ed2e90,0x00000000e7700000)
  from space 8192K, 99% used [0x00000000e7700000,0x00000000e7efec80,0x00000000e7f00000)
  to   space 10752K, 0% used [0x00000000e8880000,0x00000000e8880000,0x00000000e9300000)
 ParOldGen       total 33792K, used 12477K [0x00000000a0000000, 0x00000000a2100000, 0x00000000e0000000)
  object space 33792K, 36% used [0x00000000a0000000,0x00000000a0c2f7a0,0x00000000a2100000)
 Metaspace       used 34590K, capacity 35328K, committed 35416K, reserved 1079296K
  class space    used 4857K, capacity 5119K, committed 5120K, reserved 1048576K
Event: 8.082 GC heap after
Heap after GC invocations=11 (full 1):
 PSYoungGen      total 139264K, used 7360K [0x00000000e0000000, 0x00000000eb680000, 0x0000000100000000)
  eden space 128512K, 0% used [0x00000000e0000000,0x00000000e0000000,0x00000000e7d80000)
  from space 10752K, 68% used [0x00000000e8880000,0x00000000e8fb0378,0x00000000e9300000)
  to   space 11264K, 0% used [0x00000000e7d80000,0x00000000e7d80000,0x00000000e8880000)
 ParOldGen       total 33792K, used 14726K [0x00000000a0000000, 0x00000000a2100000, 0x00000000e0000000)
  object space 33792K, 43% used [0x00000000a0000000,0x00000000a0e619d0,0x00000000a2100000)
 Metaspace       used 34590K, capacity 35328K, committed 35416K, reserved 1079296K
  class space    used 4857K, capacity 5119K, committed 5120K, reserved 1048576K
}
Event: 8.082 GC heap before
{Heap before GC invocations=12 (full 2):
 PSYoungGen      total 139264K, used 7360K [0x00000000e0000000, 0x00000000eb680000, 0x0000000100000000)
  eden space 128512K, 0% used [0x00000000e0000000,0x00000000e0000000,0x00000000e7d80000)
  from space 10752K, 68% used [0x00000000e8880000,0x00000000e8fb0378,0x00000000e9300000)
  to   space 11264K, 0% used [0x00000000e7d80000,0x00000000e7d80000,0x00000000e8880000)
 ParOldGen       total 33792K, used 14726K [0x00000000a0000000, 0x00000000a2100000, 0x00000000e0000000)
  object space 33792K, 43% used [0x00000000a0000000,0x00000000a0e619d0,0x00000000a2100000)
 Metaspace       used 34590K, capacity 35328K, committed 35416K, reserved 1079296K
  class space    used 4857K, capacity 5119K, committed 5120K, reserved 1048576K
Event: 8.152 GC heap after
Heap after GC invocations=12 (full 2):
 PSYoungGen      total 139264K, used 0K [0x00000000e0000000, 0x00000000eb680000, 0x0000000100000000)
  eden space 128512K, 0% used [0x00000000e0000000,0x00000000e0000000,0x00000000e7d80000)
  from space 10752K, 0% used [0x00000000e8880000,0x00000000e8880000,0x00000000e9300000)
  to   space 11264K, 0% used [0x00000000e7d80000,0x00000000e7d80000,0x00000000e8880000)
 ParOldGen       total 53248K, used 16290K [0x00000000a0000000, 0x00000000a3400000, 0x00000000e0000000)
  object space 53248K, 30% used [0x00000000a0000000,0x00000000a0fe8bc0,0x00000000a3400000)
 Metaspace       used 34590K, capacity 35328K, committed 35416K, reserved 1079296K
  class space    used 4857K, capacity 5119K, committed 5120K, reserved 1048576K
}
Event: 10.473 GC heap before
{Heap before GC invocations=13 (full 2):
 PSYoungGen      total 139264K, used 128512K [0x00000000e0000000, 0x00000000eb680000, 0x0000000100000000)
  eden space 128512K, 100% used [0x00000000e0000000,0x00000000e7d80000,0x00000000e7d80000)
  from space 10752K, 0% used [0x00000000e8880000,0x00000000e8880000,0x00000000e9300000)
  to   space 11264K, 0% used [0x00000000e7d80000,0x00000000e7d80000,0x00000000e8880000)
 ParOldGen       total 53248K, used 16290K [0x00000000a0000000, 0x00000000a3400000, 0x00000000e0000000)
  object space 53248K, 30% used [0x00000000a0000000,0x00000000a0fe8bc0,0x00000000a3400000)
 Metaspace       used 43269K, capacity 44266K, committed 44416K, reserved 1087488K
  class space    used 5891K, capacity 6229K, committed 6272K, reserved 1048576K
Event: 10.496 GC heap after
Heap after GC invocations=13 (full 2):
 PSYoungGen      total 139776K, used 11241K [0x00000000e0000000, 0x00000000ec080000, 0x0000000100000000)
  eden space 128512K, 0% used [0x00000000e0000000,0x00000000e0000000,0x00000000e7d80000)
  from space 11264K, 99% used [0x00000000e7d80000,0x00000000e887a780,0x00000000e8880000)
  to   space 14336K, 0% used [0x00000000eb280000,0x00000000eb280000,0x00000000ec080000)
 ParOldGen       total 53248K, used 20447K [0x00000000a0000000, 0x00000000a3400000, 0x00000000e0000000)
  object space 53248K, 38% used [0x00000000a0000000,0x00000000a13f7f38,0x00000000a3400000)
 Metaspace       used 43269K, capacity 44266K, committed 44416K, reserved 1087488K
  class space    used 5891K, capacity 6229K, committed 6272K, reserved 1048576K
}
Event: 13.621 GC heap before
{Heap before GC invocations=14 (full 2):
 PSYoungGen      total 139776K, used 139753K [0x00000000e0000000, 0x00000000ec080000, 0x0000000100000000)
  eden space 128512K, 100% used [0x00000000e0000000,0x00000000e7d80000,0x00000000e7d80000)
  from space 11264K, 99% used [0x00000000e7d80000,0x00000000e887a780,0x00000000e8880000)
  to   space 14336K, 0% used [0x00000000eb280000,0x00000000eb280000,0x00000000ec080000)
 ParOldGen       total 53248K, used 20447K [0x00000000a0000000, 0x00000000a3400000, 0x00000000e0000000)
  object space 53248K, 38% used [0x00000000a0000000,0x00000000a13f7f38,0x00000000a3400000)
 Metaspace       used 54783K, capacity 56548K, committed 56704K, reserved 1097728K
  class space    used 7538K, capacity 7967K, committed 8064K, reserved 1048576K
Event: 13.692 GC heap after
Heap after GC invocations=14 (full 2):
 PSYoungGen      total 181248K, used 12952K [0x00000000e0000000, 0x00000000ec500000, 0x0000000100000000)
  eden space 166912K, 0% used [0x00000000e0000000,0x00000000e0000000,0x00000000ea300000)
  from space 14336K, 90% used [0x00000000eb280000,0x00000000ebf26078,0x00000000ec080000)
  to   space 15872K, 0% used [0x00000000ea300000,0x00000000ea300000,0x00000000eb280000)
 ParOldGen       total 53248K, used 29856K [0x00000000a0000000, 0x00000000a3400000, 0x00000000e0000000)
  object space 53248K, 56% used [0x00000000a0000000,0x00000000a1d280e0,0x00000000a3400000)
 Metaspace       used 54783K, capacity 56548K, committed 56704K, reserved 1097728K
  class space    used 7538K, capacity 7967K, committed 8064K, reserved 1048576K
}
Event: 15.895 GC heap before
{Heap before GC invocations=15 (full 2):
 PSYoungGen      total 181248K, used 154267K [0x00000000e0000000, 0x00000000ec500000, 0x0000000100000000)
  eden space 166912K, 84% used [0x00000000e0000000,0x00000000e8a00b88,0x00000000ea300000)
  from space 14336K, 90% used [0x00000000eb280000,0x00000000ebf26078,0x00000000ec080000)
  to   space 15872K, 0% used [0x00000000ea300000,0x00000000ea300000,0x00000000eb280000)
 ParOldGen       total 53248K, used 29856K [0x00000000a0000000, 0x00000000a3400000, 0x00000000e0000000)
  object space 53248K, 56% used [0x00000000a0000000,0x00000000a1d280e0,0x00000000a3400000)
 Metaspace       used 57000K, capacity 58830K, committed 59008K, reserved 1099776K
  class space    used 7856K, capacity 8295K, committed 8320K, reserved 1048576K

