# JRE version: OpenJDK Runtime Environment (8.0_152-b06) (build 1.8.0_152-release-1136-b06)
# Java VM: OpenJDK 64-Bit Server VM (25.152-b06 mixed mode linux-amd64 compressed oops)
Heap:
 PSYoungGen      total 173568K, used 14828K [0x00000000e0000000, 0x00000000eb800000, 0x0000000100000000)
  eden space 158720K, 0% used [0x00000000e0000000,0x00000000e0000000,0x00000000e9b00000)
  from space 14848K, 99% used [0x00000000e9b00000,0x00000000ea97b150,0x00000000ea980000)
  to   space 12800K, 0% used [0x00000000eab80000,0x00000000eab80000,0x00000000eb800000)
 ParOldGen       total 51712K, used 34848K [0x00000000a0000000, 0x00000000a3280000, 0x00000000e0000000)
  object space 51712K, 67% used [0x00000000a0000000,0x00000000a2208248,0x00000000a3280000)
 Metaspace       used 56666K, capacity 58350K, committed 58624K, reserved 1099776K
  class space    used 7687K, capacity 8090K, committed 8192K, reserved 1048576K
GC Heap History (10 events):
Event: 5.903 GC heap after
Heap after GC invocations=10 (full 1):
 PSYoungGen      total 127488K, used 8699K [0x00000000e0000000, 0x00000000e8900000, 0x0000000100000000)
  eden space 118784K, 0% used [0x00000000e0000000,0x00000000e0000000,0x00000000e7400000)
  from space 8704K, 99% used [0x00000000e7680000,0x00000000e7efed88,0x00000000e7f00000)
  to   space 10240K, 0% used [0x00000000e7f00000,0x00000000e7f00000,0x00000000e8900000)
 ParOldGen       total 35840K, used 11444K [0x00000000a0000000, 0x00000000a2300000, 0x00000000e0000000)
  object space 35840K, 31% used [0x00000000a0000000,0x00000000a0b2d1f0,0x00000000a2300000)
 Metaspace       used 33413K, capacity 34010K, committed 34176K, reserved 1079296K
  class space    used 4690K, capacity 4891K, committed 4992K, reserved 1048576K
}
Event: 6.108 GC heap before
{Heap before GC invocations=11 (full 1):
 PSYoungGen      total 127488K, used 16853K [0x00000000e0000000, 0x00000000e8900000, 0x0000000100000000)
  eden space 118784K, 6% used [0x00000000e0000000,0x00000000e07f67b0,0x00000000e7400000)
  from space 8704K, 99% used [0x00000000e7680000,0x00000000e7efed88,0x00000000e7f00000)
  to   space 10240K, 0% used [0x00000000e7f00000,0x00000000e7f00000,0x00000000e8900000)
 ParOldGen       total 35840K, used 11444K [0x00000000a0000000, 0x00000000a2300000, 0x00000000e0000000)
  object space 35840K, 31% used [0x00000000a0000000,0x00000000a0b2d1f0,0x00000000a2300000)
 Metaspace       used 34697K, capacity 35218K, committed 35416K, reserved 1079296K
  class space    used 4804K, capacity 4997K, committed 5120K, reserved 1048576K
Event: 6.130 GC heap after
Heap after GC invocations=11 (full 1):
 PSYoungGen      total 129024K, used 7481K [0x00000000e0000000, 0x00000000eb680000, 0x0000000100000000)
  eden space 118784K, 0% used [0x00000000e0000000,0x00000000e0000000,0x00000000e7400000)
  from space 10240K, 73% used [0x00000000e7f00000,0x00000000e864e450,0x00000000e8900000)
  to   space 11264K, 0% used [0x00000000e7400000,0x00000000e7400000,0x00000000e7f00000)
 ParOldGen       total 35840K, used 11452K [0x00000000a0000000, 0x00000000a2300000, 0x00000000e0000000)
  object space 35840K, 31% used [0x00000000a0000000,0x00000000a0b2f1f0,0x00000000a2300000)
 Metaspace       used 34697K, capacity 35218K, committed 35416K, reserved 1079296K
  class space    used 4804K, capacity 4997K, committed 5120K, reserved 1048576K
}
Event: 6.130 GC heap before
{Heap before GC invocations=12 (full 2):
 PSYoungGen      total 129024K, used 7481K [0x00000000e0000000, 0x00000000eb680000, 0x0000000100000000)
  eden space 118784K, 0% used [0x00000000e0000000,0x00000000e0000000,0x00000000e7400000)
  from space 10240K, 73% used [0x00000000e7f00000,0x00000000e864e450,0x00000000e8900000)
  to   space 11264K, 0% used [0x00000000e7400000,0x00000000e7400000,0x00000000e7f00000)
 ParOldGen       total 35840K, used 11452K [0x00000000a0000000, 0x00000000a2300000, 0x00000000e0000000)
  object space 35840K, 31% used [0x00000000a0000000,0x00000000a0b2f1f0,0x00000000a2300000)
 Metaspace       used 34697K, capacity 35218K, committed 35416K, reserved 1079296K
  class space    used 4804K, capacity 4997K, committed 5120K, reserved 1048576K
Event: 6.199 GC heap after
Heap after GC invocations=12 (full 2):
 PSYoungGen      total 129024K, used 0K [0x00000000e0000000, 0x00000000eb680000, 0x0000000100000000)
  eden space 118784K, 0% used [0x00000000e0000000,0x00000000e0000000,0x00000000e7400000)
  from space 10240K, 0% used [0x00000000e7f00000,0x00000000e7f00000,0x00000000e8900000)
  to   space 11264K, 0% used [0x00000000e7400000,0x00000000e7400000,0x00000000e7f00000)
 ParOldGen       total 51712K, used 14310K [0x00000000a0000000, 0x00000000a3280000, 0x00000000e0000000)
  object space 51712K, 27% used [0x00000000a0000000,0x00000000a0df9b68,0x00000000a3280000)
 Metaspace       used 34697K, capacity 35218K, committed 35416K, reserved 1079296K
  class space    used 4804K, capacity 4997K, committed 5120K, reserved 1048576K
}
Event: 7.761 GC heap before
{Heap before GC invocations=13 (full 2):
 PSYoungGen      total 129024K, used 118784K [0x00000000e0000000, 0x00000000eb680000, 0x0000000100000000)
  eden space 118784K, 100% used [0x00000000e0000000,0x00000000e7400000,0x00000000e7400000)
  from space 10240K, 0% used [0x00000000e7f00000,0x00000000e7f00000,0x00000000e8900000)
  to   space 11264K, 0% used [0x00000000e7400000,0x00000000e7400000,0x00000000e7f00000)
 ParOldGen       total 51712K, used 14310K [0x00000000a0000000, 0x00000000a3280000, 0x00000000e0000000)
  object space 51712K, 27% used [0x00000000a0000000,0x00000000a0df9b68,0x00000000a3280000)
 Metaspace       used 41432K, capacity 42272K, committed 42496K, reserved 1085440K
  class space    used 5597K, capacity 5865K, committed 5888K, reserved 1048576K
Event: 7.794 GC heap after
Heap after GC invocations=13 (full 2):
 PSYoungGen      total 130048K, used 11233K [0x00000000e0000000, 0x00000000eb900000, 0x0000000100000000)
  eden space 118784K, 0% used [0x00000000e0000000,0x00000000e0000000,0x00000000e7400000)
  from space 11264K, 99% used [0x00000000e7400000,0x00000000e7ef8688,0x00000000e7f00000)
  to   space 13824K, 0% used [0x00000000eab80000,0x00000000eab80000,0x00000000eb900000)
 ParOldGen       total 51712K, used 16877K [0x00000000a0000000, 0x00000000a3280000, 0x00000000e0000000)
  object space 51712K, 32% used [0x00000000a0000000,0x00000000a107b7e8,0x00000000a3280000)
 Metaspace       used 41432K, capacity 42272K, committed 42496K, reserved 1085440K
  class space    used 5597K, capacity 5865K, committed 5888K, reserved 1048576K
}
Event: 10.082 GC heap before
{Heap before GC invocations=14 (full 2):
 PSYoungGen      total 130048K, used 130017K [0x00000000e0000000, 0x00000000eb900000, 0x0000000100000000)
  eden space 118784K, 100% used [0x00000000e0000000,0x00000000e7400000,0x00000000e7400000)
  from space 11264K, 99% used [0x00000000e7400000,0x00000000e7ef8688,0x00000000e7f00000)
  to   space 13824K, 0% used [0x00000000eab80000,0x00000000eab80000,0x00000000eb900000)
 ParOldGen       total 51712K, used 16877K [0x00000000a0000000, 0x00000000a3280000, 0x00000000e0000000)
  object space 51712K, 32% used [0x00000000a0000000,0x00000000a107b7e8,0x00000000a3280000)
 Metaspace       used 53555K, capacity 55174K, committed 55424K, reserved 1097728K
  class space    used 7327K, capacity 7712K, committed 7808K, reserved 1048576K
Event: 10.111 GC heap after
Heap after GC invocations=14 (full 2):
 PSYoungGen      total 171520K, used 12364K [0x00000000e0000000, 0x00000000eb800000, 0x0000000100000000)
  eden space 158720K, 0% used [0x00000000e0000000,0x00000000e0000000,0x00000000e9b00000)
  from space 12800K, 96% used [0x00000000eab80000,0x00000000eb7930d8,0x00000000eb800000)
  to   space 14848K, 0% used [0x00000000e9b00000,0x00000000e9b00000,0x00000000ea980000)
 ParOldGen       total 51712K, used 26065K [0x00000000a0000000, 0x00000000a3280000, 0x00000000e0000000)
  object space 51712K, 50% used [0x00000000a0000000,0x00000000a1974700,0x00000000a3280000)
 Metaspace       used 53555K, capacity 55174K, committed 55424K, reserved 1097728K
  class space    used 7327K, capacity 7712K, committed 7808K, reserved 1048576K
}
Event: 13.265 GC heap before
{Heap before GC invocations=15 (full 2):
 PSYoungGen      total 171520K, used 171084K [0x00000000e0000000, 0x00000000eb800000, 0x0000000100000000)
  eden space 158720K, 100% used [0x00000000e0000000,0x00000000e9b00000,0x00000000e9b00000)
  from space 12800K, 96% used [0x00000000eab80000,0x00000000eb7930d8,0x00000000eb800000)
  to   space 14848K, 0% used [0x00000000e9b00000,0x00000000e9b00000,0x00000000ea980000)
 ParOldGen       total 51712K, used 26065K [0x00000000a0000000, 0x00000000a3280000, 0x00000000e0000000)
  object space 51712K, 50% used [0x00000000a0000000,0x00000000a1974700,0x00000000a3280000)
 Metaspace       used 56666K, capacity 58350K, committed 58624K, reserved 1099776K
  class space    used 7687K, capacity 8090K, committed 8192K, reserved 1048576K

